#***************************************************************************

#sjplacer

#Version:            1.1

#Build Date:         May  8 2015 09:27:37

#File Generated:     Jun 11 2015 11:59:09

#Purpose:            

#Copyright (C) 2010-2011 by Softjin Technologies Pvt Ltd. All rights reserved.

#***************************************************************************

Executing : C:\Program Files (x86)\Cypress\PSoC Creator\3.2\PSoC Creator\bin/sjplacer.exe --proj-name Patrulator --netlist-vh2 Patrulator_p.vh2 --arch-file C:\Program Files (x86)\Cypress\PSoC Creator\3.2\PSoC Creator\dev/arch/p4_udb2x2a.ark --rrg-file C:\Program Files (x86)\Cypress\PSoC Creator\3.2\PSoC Creator\dev/psoc4/psoc4a/route_arch-rrg.cydata --irq-file C:\Program Files (x86)\Cypress\PSoC Creator\3.2\PSoC Creator\dev/psoc4/psoc4a/irqconn.cydata --dsi-conn-file C:\Program Files (x86)\Cypress\PSoC Creator\3.2\PSoC Creator\dev/psoc4/psoc4a/dsiconn.cydata --pins-file pins_44-TQFP.xml --lib-file Patrulator_p.lib --sdc-file Patrulator.sdc --io-pcf Patrulator.pci --outdir .

		Softjin Techologies Placer, Version 1.1

Build Date : May  8 2015	08:51:53

D2004: Option and Settings Summary
=============================================================
Netlist vh2 file          - Patrulator_p.vh2
Architecture file         - C:\Program Files (x86)\Cypress\PSoC Creator\3.2\PSoC Creator\dev/arch/p4_udb2x2a.ark
Package                   - 
Defparam file             - 
SDC file                  - Patrulator.sdc
Output directory          - .
Timing library            - Patrulator_p.lib
IO Placement file         - Patrulator.pci

D2050: Starting reading inputs for placer
=============================================================
D2065: Reading netlist file : "Patrulator_p.vh2"
D2065: Reading arch file : "C:\Program Files (x86)\Cypress\PSoC Creator\3.2\PSoC Creator\dev/arch/p4_udb2x2a.ark"
D2051: Reading of inputs for placer completed successfully

D2053: Starting placement of the design
=============================================================

Phase 2
Phase 3

Design Statistics after Packing
    Number of Combinational MCs 	:	5
    Number of Sequential MCs    	:	6
    Number of DPs               	:	4
    Number of Controls          	:	3
    Number of Status            	:	2
    Number of SyncCells         	:	0
    Number of count7cells       	:	1

Device Utilization Summary after Packing
    Macrocells                  :	11/32
    UDBS                        :	4/4
    IOs                         :	9/36


D2088: Phase 3, elapsed time : 0.0 (sec)

Phase 4
D2088: Phase 4, elapsed time : 0.0 (sec)

Phase 6

######################################################################
Placement Timing Summary

The timing summary is based on estimated routing delays after
placement. For final timing report, please carry out the timing
analysis after routing.
======================================================================

######################################################################
                     Clock Summary 
======================================================================
Number of clocks: 10
Clock: Clock_12KHz          | Frequency: N/A       | Target:   0.0 MHz
Clock: Clock_12KHz(FFB)     | Frequency: N/A       | Target:   0.0 MHz
Clock: CyHFCLK              | Frequency:  30.9 MHz | Target:   3.0 MHz
Clock: CyILO                | Frequency: N/A       | Target:   0.0 MHz
Clock: CyIMO                | Frequency: N/A       | Target:   3.0 MHz
Clock: CyLFCLK              | Frequency: N/A       | Target:   0.0 MHz
Clock: CyRouted1            | Frequency: N/A       | Target:   3.0 MHz
Clock: CySYSCLK             | Frequency: N/A       | Target:   3.0 MHz
Clock: UART_SCBCLK          | Frequency: N/A       | Target:   1.5 MHz
Clock: UART_SCBCLK(FFB)     | Frequency: N/A       | Target:   1.5 MHz

======================================================================
                     End of Clock Summary
######################################################################

D2088: Phase 6, elapsed time : 0.0 (sec)

Phase 7
######################################################################
                     Clock Summary 
======================================================================
Number of clocks: 10
Clock: Clock_12KHz          | Frequency: N/A       | Target:   0.0 MHz
Clock: Clock_12KHz(FFB)     | Frequency: N/A       | Target:   0.0 MHz
Clock: CyHFCLK              | Frequency:  30.9 MHz | Target:   3.0 MHz
Clock: CyILO                | Frequency: N/A       | Target:   0.0 MHz
Clock: CyIMO                | Frequency: N/A       | Target:   3.0 MHz
Clock: CyLFCLK              | Frequency: N/A       | Target:   0.0 MHz
Clock: CyRouted1            | Frequency: N/A       | Target:   3.0 MHz
Clock: CySYSCLK             | Frequency: N/A       | Target:   3.0 MHz
Clock: UART_SCBCLK          | Frequency: N/A       | Target:   1.5 MHz
Clock: UART_SCBCLK(FFB)     | Frequency: N/A       | Target:   1.5 MHz

======================================================================
                     End of Clock Summary
######################################################################
D2088: Phase 7, elapsed time : 0.2 (sec)

Final Design Statistics
    Number of Combinational MCs 	:	5
    Number of Sequential MCs    	:	6
    Number of DPs               	:	4
    Number of Controls          	:	3
    Number of Status            	:	2
    Number of SyncCells         	:	0
    Number of count7cells       	:	1
    Number of IOs       	:	9

Device Utilization Summary
    Macrocells                  :	11/32
    IOs                         :	9/36



######################################################################
Placement Timing Summary

The timing summary is based on estimated routing delays after
placement. For final timing report, please carry out the timing
analysis after routing.
======================================================================


######################################################################
                     Clock Summary 
======================================================================
Number of clocks: 10
Clock: Clock_12KHz          | Frequency: N/A       | Target:   0.0 MHz
Clock: Clock_12KHz(FFB)     | Frequency: N/A       | Target:   0.0 MHz
Clock: CyHFCLK              | Frequency:  32.0 MHz | Target:   3.3 MHz
Clock: CyILO                | Frequency: N/A       | Target:   0.0 MHz
Clock: CyIMO                | Frequency: N/A       | Target:   3.0 MHz
Clock: CyLFCLK              | Frequency: N/A       | Target:   0.0 MHz
Clock: CyRouted1            | Frequency: N/A       | Target:   3.0 MHz
Clock: CySYSCLK             | Frequency: N/A       | Target:   3.0 MHz
Clock: UART_SCBCLK          | Frequency: N/A       | Target:   1.5 MHz
Clock: UART_SCBCLK(FFB)     | Frequency: N/A       | Target:   1.5 MHz

======================================================================
                     End of Clock Summary
######################################################################

Phase 8
D2088: Phase 8, elapsed time : 0.0 (sec)

D2054: Placement of the design completed successfully

I2076: Total run-time: 0.4 sec.

