ARM GAS  C:\Users\En\AppData\Local\Temp\ccrlGATW.s 			page 1


   1              		.cpu cortex-m0
   2              		.fpu softvfp
   3              		.eabi_attribute 20, 1
   4              		.eabi_attribute 21, 1
   5              		.eabi_attribute 23, 3
   6              		.eabi_attribute 24, 1
   7              		.eabi_attribute 25, 1
   8              		.eabi_attribute 26, 1
   9              		.eabi_attribute 30, 6
  10              		.eabi_attribute 34, 0
  11              		.eabi_attribute 18, 4
  12              		.code	16
  13              		.file	"cymetadata.c"
  14              		.text
  15              	.Ltext0:
  16              		.cfi_sections	.debug_frame
  17              		.global	cy_meta_loadable
  18              		.section	.cyloadablemeta,"a",%progbits
  19              		.align	2
  20              		.type	cy_meta_loadable, %object
  21              		.size	cy_meta_loadable, 64
  22              	cy_meta_loadable:
  23 0000 00       		.byte	0
  24 0001 00       		.byte	0
  25 0002 00       		.byte	0
  26 0003 00       		.byte	0
  27 0004 00       		.byte	0
  28 0005 00       		.byte	0
  29 0006 00       		.byte	0
  30 0007 00       		.byte	0
  31 0008 00       		.byte	0
  32 0009 00       		.byte	0
  33 000a 00       		.byte	0
  34 000b 00       		.byte	0
  35 000c 00       		.byte	0
  36 000d 00       		.byte	0
  37 000e 00       		.byte	0
  38 000f 00       		.byte	0
  39 0010 00       		.byte	0
  40 0011 00       		.byte	0
  41 0012 00       		.byte	0
  42 0013 00       		.byte	0
  43 0014 00       		.byte	0
  44 0015 00       		.byte	0
  45 0016 01       		.byte	1
  46 0017 00       		.byte	0
  47 0018 00       		.byte	0
  48 0019 00       		.byte	0
  49 001a 00       		.byte	0
  50 001b 00       		.byte	0
  51 001c 00       		.byte	0
  52 001d 00       		.byte	0
  53 001e 00       		.byte	0
  54 001f 00       		.byte	0
  55 0020 00       		.byte	0
  56 0021 00       		.byte	0
  57 0022 00       		.byte	0
ARM GAS  C:\Users\En\AppData\Local\Temp\ccrlGATW.s 			page 2


  58 0023 00       		.byte	0
  59 0024 00       		.byte	0
  60 0025 00       		.byte	0
  61 0026 00       		.byte	0
  62 0027 00       		.byte	0
  63 0028 00       		.byte	0
  64 0029 00       		.byte	0
  65 002a 00       		.byte	0
  66 002b 00       		.byte	0
  67 002c 00       		.byte	0
  68 002d 00       		.byte	0
  69 002e 00       		.byte	0
  70 002f 00       		.byte	0
  71 0030 00       		.byte	0
  72 0031 00       		.byte	0
  73 0032 00       		.byte	0
  74 0033 00       		.byte	0
  75 0034 00       		.byte	0
  76 0035 00       		.byte	0
  77 0036 00       		.byte	0
  78 0037 00       		.byte	0
  79 0038 00       		.byte	0
  80 0039 00       		.byte	0
  81 003a 00       		.byte	0
  82 003b 00       		.byte	0
  83 003c 00       		.byte	0
  84 003d 00       		.byte	0
  85 003e 00       		.byte	0
  86 003f 00       		.byte	0
  87              		.text
  88              	.Letext0:
  89              		.file 1 ".\\Generated_Source\\PSoC4\\cytypes.h"
  90              		.file 2 ".\\Generated_Source\\PSoC4\\cymetadata.c"
  91              		.section	.debug_info,"",%progbits
  92              	.Ldebug_info0:
  93 0000 AD000000 		.4byte	0xad
  94 0004 0400     		.2byte	0x4
  95 0006 00000000 		.4byte	.Ldebug_abbrev0
  96 000a 04       		.byte	0x4
  97 000b 01       		.uleb128 0x1
  98 000c 8A000000 		.4byte	.LASF13
  99 0010 01       		.byte	0x1
 100 0011 57000000 		.4byte	.LASF14
 101 0015 17010000 		.4byte	.LASF15
 102 0019 00000000 		.4byte	.Ldebug_line0
 103 001d 02       		.uleb128 0x2
 104 001e 01       		.byte	0x1
 105 001f 06       		.byte	0x6
 106 0020 71010000 		.4byte	.LASF0
 107 0024 02       		.uleb128 0x2
 108 0025 01       		.byte	0x1
 109 0026 08       		.byte	0x8
 110 0027 1D000000 		.4byte	.LASF1
 111 002b 02       		.uleb128 0x2
 112 002c 02       		.byte	0x2
 113 002d 05       		.byte	0x5
 114 002e 58010000 		.4byte	.LASF2
ARM GAS  C:\Users\En\AppData\Local\Temp\ccrlGATW.s 			page 3


 115 0032 02       		.uleb128 0x2
 116 0033 02       		.byte	0x2
 117 0034 07       		.byte	0x7
 118 0035 3D000000 		.4byte	.LASF3
 119 0039 02       		.uleb128 0x2
 120 003a 04       		.byte	0x4
 121 003b 05       		.byte	0x5
 122 003c 68010000 		.4byte	.LASF4
 123 0040 02       		.uleb128 0x2
 124 0041 04       		.byte	0x4
 125 0042 07       		.byte	0x7
 126 0043 2B000000 		.4byte	.LASF5
 127 0047 02       		.uleb128 0x2
 128 0048 08       		.byte	0x8
 129 0049 05       		.byte	0x5
 130 004a 45010000 		.4byte	.LASF6
 131 004e 02       		.uleb128 0x2
 132 004f 08       		.byte	0x8
 133 0050 07       		.byte	0x7
 134 0051 06000000 		.4byte	.LASF7
 135 0055 03       		.uleb128 0x3
 136 0056 04       		.byte	0x4
 137 0057 05       		.byte	0x5
 138 0058 696E7400 		.ascii	"int\000"
 139 005c 02       		.uleb128 0x2
 140 005d 04       		.byte	0x4
 141 005e 07       		.byte	0x7
 142 005f 7D000000 		.4byte	.LASF8
 143 0063 04       		.uleb128 0x4
 144 0064 62010000 		.4byte	.LASF16
 145 0068 01       		.byte	0x1
 146 0069 B3       		.byte	0xb3
 147 006a 24000000 		.4byte	0x24
 148 006e 02       		.uleb128 0x2
 149 006f 04       		.byte	0x4
 150 0070 04       		.byte	0x4
 151 0071 00000000 		.4byte	.LASF9
 152 0075 02       		.uleb128 0x2
 153 0076 08       		.byte	0x8
 154 0077 04       		.byte	0x4
 155 0078 50000000 		.4byte	.LASF10
 156 007c 02       		.uleb128 0x2
 157 007d 01       		.byte	0x1
 158 007e 08       		.byte	0x8
 159 007f 53010000 		.4byte	.LASF11
 160 0083 05       		.uleb128 0x5
 161 0084 63000000 		.4byte	0x63
 162 0088 93000000 		.4byte	0x93
 163 008c 06       		.uleb128 0x6
 164 008d 93000000 		.4byte	0x93
 165 0091 3F       		.byte	0x3f
 166 0092 00       		.byte	0
 167 0093 02       		.uleb128 0x2
 168 0094 04       		.byte	0x4
 169 0095 07       		.byte	0x7
 170 0096 3C010000 		.4byte	.LASF12
 171 009a 07       		.uleb128 0x7
ARM GAS  C:\Users\En\AppData\Local\Temp\ccrlGATW.s 			page 4


 172 009b 06010000 		.4byte	.LASF17
 173 009f 02       		.byte	0x2
 174 00a0 1C       		.byte	0x1c
 175 00a1 AB000000 		.4byte	0xab
 176 00a5 05       		.uleb128 0x5
 177 00a6 03       		.byte	0x3
 178 00a7 00000000 		.4byte	cy_meta_loadable
 179 00ab 08       		.uleb128 0x8
 180 00ac 83000000 		.4byte	0x83
 181 00b0 00       		.byte	0
 182              		.section	.debug_abbrev,"",%progbits
 183              	.Ldebug_abbrev0:
 184 0000 01       		.uleb128 0x1
 185 0001 11       		.uleb128 0x11
 186 0002 01       		.byte	0x1
 187 0003 25       		.uleb128 0x25
 188 0004 0E       		.uleb128 0xe
 189 0005 13       		.uleb128 0x13
 190 0006 0B       		.uleb128 0xb
 191 0007 03       		.uleb128 0x3
 192 0008 0E       		.uleb128 0xe
 193 0009 1B       		.uleb128 0x1b
 194 000a 0E       		.uleb128 0xe
 195 000b 10       		.uleb128 0x10
 196 000c 17       		.uleb128 0x17
 197 000d 00       		.byte	0
 198 000e 00       		.byte	0
 199 000f 02       		.uleb128 0x2
 200 0010 24       		.uleb128 0x24
 201 0011 00       		.byte	0
 202 0012 0B       		.uleb128 0xb
 203 0013 0B       		.uleb128 0xb
 204 0014 3E       		.uleb128 0x3e
 205 0015 0B       		.uleb128 0xb
 206 0016 03       		.uleb128 0x3
 207 0017 0E       		.uleb128 0xe
 208 0018 00       		.byte	0
 209 0019 00       		.byte	0
 210 001a 03       		.uleb128 0x3
 211 001b 24       		.uleb128 0x24
 212 001c 00       		.byte	0
 213 001d 0B       		.uleb128 0xb
 214 001e 0B       		.uleb128 0xb
 215 001f 3E       		.uleb128 0x3e
 216 0020 0B       		.uleb128 0xb
 217 0021 03       		.uleb128 0x3
 218 0022 08       		.uleb128 0x8
 219 0023 00       		.byte	0
 220 0024 00       		.byte	0
 221 0025 04       		.uleb128 0x4
 222 0026 16       		.uleb128 0x16
 223 0027 00       		.byte	0
 224 0028 03       		.uleb128 0x3
 225 0029 0E       		.uleb128 0xe
 226 002a 3A       		.uleb128 0x3a
 227 002b 0B       		.uleb128 0xb
 228 002c 3B       		.uleb128 0x3b
ARM GAS  C:\Users\En\AppData\Local\Temp\ccrlGATW.s 			page 5


 229 002d 0B       		.uleb128 0xb
 230 002e 49       		.uleb128 0x49
 231 002f 13       		.uleb128 0x13
 232 0030 00       		.byte	0
 233 0031 00       		.byte	0
 234 0032 05       		.uleb128 0x5
 235 0033 01       		.uleb128 0x1
 236 0034 01       		.byte	0x1
 237 0035 49       		.uleb128 0x49
 238 0036 13       		.uleb128 0x13
 239 0037 01       		.uleb128 0x1
 240 0038 13       		.uleb128 0x13
 241 0039 00       		.byte	0
 242 003a 00       		.byte	0
 243 003b 06       		.uleb128 0x6
 244 003c 21       		.uleb128 0x21
 245 003d 00       		.byte	0
 246 003e 49       		.uleb128 0x49
 247 003f 13       		.uleb128 0x13
 248 0040 2F       		.uleb128 0x2f
 249 0041 0B       		.uleb128 0xb
 250 0042 00       		.byte	0
 251 0043 00       		.byte	0
 252 0044 07       		.uleb128 0x7
 253 0045 34       		.uleb128 0x34
 254 0046 00       		.byte	0
 255 0047 03       		.uleb128 0x3
 256 0048 0E       		.uleb128 0xe
 257 0049 3A       		.uleb128 0x3a
 258 004a 0B       		.uleb128 0xb
 259 004b 3B       		.uleb128 0x3b
 260 004c 0B       		.uleb128 0xb
 261 004d 49       		.uleb128 0x49
 262 004e 13       		.uleb128 0x13
 263 004f 3F       		.uleb128 0x3f
 264 0050 19       		.uleb128 0x19
 265 0051 02       		.uleb128 0x2
 266 0052 18       		.uleb128 0x18
 267 0053 00       		.byte	0
 268 0054 00       		.byte	0
 269 0055 08       		.uleb128 0x8
 270 0056 26       		.uleb128 0x26
 271 0057 00       		.byte	0
 272 0058 49       		.uleb128 0x49
 273 0059 13       		.uleb128 0x13
 274 005a 00       		.byte	0
 275 005b 00       		.byte	0
 276 005c 00       		.byte	0
 277              		.section	.debug_aranges,"",%progbits
 278 0000 14000000 		.4byte	0x14
 279 0004 0200     		.2byte	0x2
 280 0006 00000000 		.4byte	.Ldebug_info0
 281 000a 04       		.byte	0x4
 282 000b 00       		.byte	0
 283 000c 0000     		.2byte	0
 284 000e 0000     		.2byte	0
 285 0010 00000000 		.4byte	0
ARM GAS  C:\Users\En\AppData\Local\Temp\ccrlGATW.s 			page 6


 286 0014 00000000 		.4byte	0
 287              		.section	.debug_line,"",%progbits
 288              	.Ldebug_line0:
 289 0000 4F000000 		.section	.debug_str,"MS",%progbits,1
 289      02004900 
 289      00000201 
 289      FB0E0D00 
 289      01010101 
 290              	.LASF9:
 291 0000 666C6F61 		.ascii	"float\000"
 291      7400
 292              	.LASF7:
 293 0006 6C6F6E67 		.ascii	"long long unsigned int\000"
 293      206C6F6E 
 293      6720756E 
 293      7369676E 
 293      65642069 
 294              	.LASF1:
 295 001d 756E7369 		.ascii	"unsigned char\000"
 295      676E6564 
 295      20636861 
 295      7200
 296              	.LASF5:
 297 002b 6C6F6E67 		.ascii	"long unsigned int\000"
 297      20756E73 
 297      69676E65 
 297      6420696E 
 297      7400
 298              	.LASF3:
 299 003d 73686F72 		.ascii	"short unsigned int\000"
 299      7420756E 
 299      7369676E 
 299      65642069 
 299      6E7400
 300              	.LASF10:
 301 0050 646F7562 		.ascii	"double\000"
 301      6C6500
 302              	.LASF14:
 303 0057 2E5C4765 		.ascii	".\\Generated_Source\\PSoC4\\cymetadata.c\000"
 303      6E657261 
 303      7465645F 
 303      536F7572 
 303      63655C50 
 304              	.LASF8:
 305 007d 756E7369 		.ascii	"unsigned int\000"
 305      676E6564 
 305      20696E74 
 305      00
 306              	.LASF13:
 307 008a 474E5520 		.ascii	"GNU C 4.8.4 20140526 (release) [ARM/embedded-4_8-br"
 307      4320342E 
 307      382E3420 
 307      32303134 
 307      30353236 
 308 00bd 616E6368 		.ascii	"anch revision 211358] -mcpu=cortex-m0 -mthumb -g -O"
 308      20726576 
 308      6973696F 
ARM GAS  C:\Users\En\AppData\Local\Temp\ccrlGATW.s 			page 7


 308      6E203231 
 308      31333538 
 309 00f0 30202D66 		.ascii	"0 -ffunction-sections\000"
 309      66756E63 
 309      74696F6E 
 309      2D736563 
 309      74696F6E 
 310              	.LASF17:
 311 0106 63795F6D 		.ascii	"cy_meta_loadable\000"
 311      6574615F 
 311      6C6F6164 
 311      61626C65 
 311      00
 312              	.LASF15:
 313 0117 433A5C70 		.ascii	"C:\\psoc4\\Patrulator\\Patrulator.cydsn\000"
 313      736F6334 
 313      5C506174 
 313      72756C61 
 313      746F725C 
 314              	.LASF12:
 315 013c 73697A65 		.ascii	"sizetype\000"
 315      74797065 
 315      00
 316              	.LASF6:
 317 0145 6C6F6E67 		.ascii	"long long int\000"
 317      206C6F6E 
 317      6720696E 
 317      7400
 318              	.LASF11:
 319 0153 63686172 		.ascii	"char\000"
 319      00
 320              	.LASF2:
 321 0158 73686F72 		.ascii	"short int\000"
 321      7420696E 
 321      7400
 322              	.LASF16:
 323 0162 75696E74 		.ascii	"uint8\000"
 323      3800
 324              	.LASF4:
 325 0168 6C6F6E67 		.ascii	"long int\000"
 325      20696E74 
 325      00
 326              	.LASF0:
 327 0171 7369676E 		.ascii	"signed char\000"
 327      65642063 
 327      68617200 
 328              		.ident	"GCC: (GNU Tools for ARM Embedded Processors) 4.8.4 20140526 (release) [ARM/embedded-4_8-br
