ARM GAS  C:\Users\En\AppData\Local\Temp\cce0vPcM.s 			page 1


   1              		.cpu cortex-m0
   2              		.fpu softvfp
   3              		.eabi_attribute 20, 1
   4              		.eabi_attribute 21, 1
   5              		.eabi_attribute 23, 3
   6              		.eabi_attribute 24, 1
   7              		.eabi_attribute 25, 1
   8              		.eabi_attribute 26, 1
   9              		.eabi_attribute 30, 6
  10              		.eabi_attribute 34, 0
  11              		.eabi_attribute 18, 4
  12              		.code	16
  13              		.file	"RFID_ISR.c"
  14              		.text
  15              	.Ltext0:
  16              		.cfi_sections	.debug_frame
  17              		.section	.text.RFID_ISR_Start,"ax",%progbits
  18              		.align	2
  19              		.global	RFID_ISR_Start
  20              		.code	16
  21              		.thumb_func
  22              		.type	RFID_ISR_Start, %function
  23              	RFID_ISR_Start:
  24              	.LFB0:
  25              		.file 1 ".\\Generated_Source\\PSoC4\\RFID_ISR.c"
   1:.\Generated_Source\PSoC4/RFID_ISR.c **** /*******************************************************************************
   2:.\Generated_Source\PSoC4/RFID_ISR.c **** * File Name: RFID_ISR.c  
   3:.\Generated_Source\PSoC4/RFID_ISR.c **** * Version 1.70
   4:.\Generated_Source\PSoC4/RFID_ISR.c **** *
   5:.\Generated_Source\PSoC4/RFID_ISR.c **** *  Description:
   6:.\Generated_Source\PSoC4/RFID_ISR.c **** *   API for controlling the state of an interrupt.
   7:.\Generated_Source\PSoC4/RFID_ISR.c **** *
   8:.\Generated_Source\PSoC4/RFID_ISR.c **** *
   9:.\Generated_Source\PSoC4/RFID_ISR.c **** *  Note:
  10:.\Generated_Source\PSoC4/RFID_ISR.c **** *
  11:.\Generated_Source\PSoC4/RFID_ISR.c **** ********************************************************************************
  12:.\Generated_Source\PSoC4/RFID_ISR.c **** * Copyright 2008-2015, Cypress Semiconductor Corporation.  All rights reserved.
  13:.\Generated_Source\PSoC4/RFID_ISR.c **** * You may use this file only in accordance with the license, terms, conditions, 
  14:.\Generated_Source\PSoC4/RFID_ISR.c **** * disclaimers, and limitations in the end user license agreement accompanying 
  15:.\Generated_Source\PSoC4/RFID_ISR.c **** * the software package with which this file was provided.
  16:.\Generated_Source\PSoC4/RFID_ISR.c **** *******************************************************************************/
  17:.\Generated_Source\PSoC4/RFID_ISR.c **** 
  18:.\Generated_Source\PSoC4/RFID_ISR.c **** 
  19:.\Generated_Source\PSoC4/RFID_ISR.c **** #include <cydevice_trm.h>
  20:.\Generated_Source\PSoC4/RFID_ISR.c **** #include <CyLib.h>
  21:.\Generated_Source\PSoC4/RFID_ISR.c **** #include <RFID_ISR.h>
  22:.\Generated_Source\PSoC4/RFID_ISR.c **** 
  23:.\Generated_Source\PSoC4/RFID_ISR.c **** #if !defined(RFID_ISR__REMOVED) /* Check for removal by optimization */
  24:.\Generated_Source\PSoC4/RFID_ISR.c **** 
  25:.\Generated_Source\PSoC4/RFID_ISR.c **** /*******************************************************************************
  26:.\Generated_Source\PSoC4/RFID_ISR.c **** *  Place your includes, defines and code here 
  27:.\Generated_Source\PSoC4/RFID_ISR.c **** ********************************************************************************/
  28:.\Generated_Source\PSoC4/RFID_ISR.c **** /* `#START RFID_ISR_intc` */
  29:.\Generated_Source\PSoC4/RFID_ISR.c **** #include <RFID_REG.h>
  30:.\Generated_Source\PSoC4/RFID_ISR.c **** #include <Timer_1.h>    
  31:.\Generated_Source\PSoC4/RFID_ISR.c **** extern uint16 rfid_data_u16[5];
  32:.\Generated_Source\PSoC4/RFID_ISR.c **** extern uint8 rfid_data_received;
ARM GAS  C:\Users\En\AppData\Local\Temp\cce0vPcM.s 			page 2


  33:.\Generated_Source\PSoC4/RFID_ISR.c **** extern uint8 idx;
  34:.\Generated_Source\PSoC4/RFID_ISR.c **** 
  35:.\Generated_Source\PSoC4/RFID_ISR.c **** /* `#END` */
  36:.\Generated_Source\PSoC4/RFID_ISR.c **** 
  37:.\Generated_Source\PSoC4/RFID_ISR.c **** extern cyisraddress CyRamVectors[CYINT_IRQ_BASE + CY_NUM_INTERRUPTS];
  38:.\Generated_Source\PSoC4/RFID_ISR.c **** 
  39:.\Generated_Source\PSoC4/RFID_ISR.c **** /* Declared in startup, used to set unused interrupts to. */
  40:.\Generated_Source\PSoC4/RFID_ISR.c **** CY_ISR_PROTO(IntDefaultHandler);
  41:.\Generated_Source\PSoC4/RFID_ISR.c **** 
  42:.\Generated_Source\PSoC4/RFID_ISR.c **** 
  43:.\Generated_Source\PSoC4/RFID_ISR.c **** /*******************************************************************************
  44:.\Generated_Source\PSoC4/RFID_ISR.c **** * Function Name: RFID_ISR_Start
  45:.\Generated_Source\PSoC4/RFID_ISR.c **** ********************************************************************************
  46:.\Generated_Source\PSoC4/RFID_ISR.c **** *
  47:.\Generated_Source\PSoC4/RFID_ISR.c **** * Summary:
  48:.\Generated_Source\PSoC4/RFID_ISR.c **** *  Set up the interrupt and enable it. This function disables the interrupt, 
  49:.\Generated_Source\PSoC4/RFID_ISR.c **** *  sets the default interrupt vector, sets the priority from the value in the
  50:.\Generated_Source\PSoC4/RFID_ISR.c **** *  Design Wide Resources Interrupt Editor, then enables the interrupt to the 
  51:.\Generated_Source\PSoC4/RFID_ISR.c **** *  interrupt controller.
  52:.\Generated_Source\PSoC4/RFID_ISR.c **** *
  53:.\Generated_Source\PSoC4/RFID_ISR.c **** * Parameters:  
  54:.\Generated_Source\PSoC4/RFID_ISR.c **** *   None
  55:.\Generated_Source\PSoC4/RFID_ISR.c **** *
  56:.\Generated_Source\PSoC4/RFID_ISR.c **** * Return:
  57:.\Generated_Source\PSoC4/RFID_ISR.c **** *   None
  58:.\Generated_Source\PSoC4/RFID_ISR.c **** *
  59:.\Generated_Source\PSoC4/RFID_ISR.c **** *******************************************************************************/
  60:.\Generated_Source\PSoC4/RFID_ISR.c **** void RFID_ISR_Start(void)
  61:.\Generated_Source\PSoC4/RFID_ISR.c **** {
  26              		.loc 1 61 0
  27              		.cfi_startproc
  28 0000 80B5     		push	{r7, lr}
  29              		.cfi_def_cfa_offset 8
  30              		.cfi_offset 7, -8
  31              		.cfi_offset 14, -4
  32 0002 00AF     		add	r7, sp, #0
  33              		.cfi_def_cfa_register 7
  62:.\Generated_Source\PSoC4/RFID_ISR.c ****     /* For all we know the interrupt is active. */
  63:.\Generated_Source\PSoC4/RFID_ISR.c ****     RFID_ISR_Disable();
  34              		.loc 1 63 0
  35 0004 FFF7FEFF 		bl	RFID_ISR_Disable
  64:.\Generated_Source\PSoC4/RFID_ISR.c **** 
  65:.\Generated_Source\PSoC4/RFID_ISR.c ****     /* Set the ISR to point to the RFID_ISR Interrupt. */
  66:.\Generated_Source\PSoC4/RFID_ISR.c ****     RFID_ISR_SetVector(&RFID_ISR_Interrupt);
  36              		.loc 1 66 0
  37 0008 054B     		ldr	r3, .L2
  38 000a 181C     		mov	r0, r3
  39 000c FFF7FEFF 		bl	RFID_ISR_SetVector
  67:.\Generated_Source\PSoC4/RFID_ISR.c **** 
  68:.\Generated_Source\PSoC4/RFID_ISR.c ****     /* Set the priority. */
  69:.\Generated_Source\PSoC4/RFID_ISR.c ****     RFID_ISR_SetPriority((uint8)RFID_ISR_INTC_PRIOR_NUMBER);
  40              		.loc 1 69 0
  41 0010 0320     		mov	r0, #3
  42 0012 FFF7FEFF 		bl	RFID_ISR_SetPriority
  70:.\Generated_Source\PSoC4/RFID_ISR.c **** 
  71:.\Generated_Source\PSoC4/RFID_ISR.c ****     /* Enable it. */
  72:.\Generated_Source\PSoC4/RFID_ISR.c ****     RFID_ISR_Enable();
ARM GAS  C:\Users\En\AppData\Local\Temp\cce0vPcM.s 			page 3


  43              		.loc 1 72 0
  44 0016 FFF7FEFF 		bl	RFID_ISR_Enable
  73:.\Generated_Source\PSoC4/RFID_ISR.c **** }
  45              		.loc 1 73 0
  46 001a BD46     		mov	sp, r7
  47              		@ sp needed
  48 001c 80BD     		pop	{r7, pc}
  49              	.L3:
  50 001e C046     		.align	2
  51              	.L2:
  52 0020 00000000 		.word	RFID_ISR_Interrupt
  53              		.cfi_endproc
  54              	.LFE0:
  55              		.size	RFID_ISR_Start, .-RFID_ISR_Start
  56              		.section	.text.RFID_ISR_StartEx,"ax",%progbits
  57              		.align	2
  58              		.global	RFID_ISR_StartEx
  59              		.code	16
  60              		.thumb_func
  61              		.type	RFID_ISR_StartEx, %function
  62              	RFID_ISR_StartEx:
  63              	.LFB1:
  74:.\Generated_Source\PSoC4/RFID_ISR.c **** 
  75:.\Generated_Source\PSoC4/RFID_ISR.c **** 
  76:.\Generated_Source\PSoC4/RFID_ISR.c **** /*******************************************************************************
  77:.\Generated_Source\PSoC4/RFID_ISR.c **** * Function Name: RFID_ISR_StartEx
  78:.\Generated_Source\PSoC4/RFID_ISR.c **** ********************************************************************************
  79:.\Generated_Source\PSoC4/RFID_ISR.c **** *
  80:.\Generated_Source\PSoC4/RFID_ISR.c **** * Summary:
  81:.\Generated_Source\PSoC4/RFID_ISR.c **** *  Sets up the interrupt and enables it. This function disables the interrupt,
  82:.\Generated_Source\PSoC4/RFID_ISR.c **** *  sets the interrupt vector based on the address passed in, sets the priority 
  83:.\Generated_Source\PSoC4/RFID_ISR.c **** *  from the value in the Design Wide Resources Interrupt Editor, then enables 
  84:.\Generated_Source\PSoC4/RFID_ISR.c **** *  the interrupt to the interrupt controller.
  85:.\Generated_Source\PSoC4/RFID_ISR.c **** *  
  86:.\Generated_Source\PSoC4/RFID_ISR.c **** *  When defining ISR functions, the CY_ISR and CY_ISR_PROTO macros should be 
  87:.\Generated_Source\PSoC4/RFID_ISR.c **** *  used to provide consistent definition across compilers:
  88:.\Generated_Source\PSoC4/RFID_ISR.c **** *  
  89:.\Generated_Source\PSoC4/RFID_ISR.c **** *  Function definition example:
  90:.\Generated_Source\PSoC4/RFID_ISR.c **** *   CY_ISR(MyISR)
  91:.\Generated_Source\PSoC4/RFID_ISR.c **** *   {
  92:.\Generated_Source\PSoC4/RFID_ISR.c **** *   }
  93:.\Generated_Source\PSoC4/RFID_ISR.c **** *   Function prototype example:
  94:.\Generated_Source\PSoC4/RFID_ISR.c **** *   CY_ISR_PROTO(MyISR);
  95:.\Generated_Source\PSoC4/RFID_ISR.c **** *
  96:.\Generated_Source\PSoC4/RFID_ISR.c **** * Parameters:  
  97:.\Generated_Source\PSoC4/RFID_ISR.c **** *   address: Address of the ISR to set in the interrupt vector table.
  98:.\Generated_Source\PSoC4/RFID_ISR.c **** *
  99:.\Generated_Source\PSoC4/RFID_ISR.c **** * Return:
 100:.\Generated_Source\PSoC4/RFID_ISR.c **** *   None
 101:.\Generated_Source\PSoC4/RFID_ISR.c **** *
 102:.\Generated_Source\PSoC4/RFID_ISR.c **** *******************************************************************************/
 103:.\Generated_Source\PSoC4/RFID_ISR.c **** void RFID_ISR_StartEx(cyisraddress address)
 104:.\Generated_Source\PSoC4/RFID_ISR.c **** {
  64              		.loc 1 104 0
  65              		.cfi_startproc
  66 0000 80B5     		push	{r7, lr}
  67              		.cfi_def_cfa_offset 8
ARM GAS  C:\Users\En\AppData\Local\Temp\cce0vPcM.s 			page 4


  68              		.cfi_offset 7, -8
  69              		.cfi_offset 14, -4
  70 0002 82B0     		sub	sp, sp, #8
  71              		.cfi_def_cfa_offset 16
  72 0004 00AF     		add	r7, sp, #0
  73              		.cfi_def_cfa_register 7
  74 0006 7860     		str	r0, [r7, #4]
 105:.\Generated_Source\PSoC4/RFID_ISR.c ****     /* For all we know the interrupt is active. */
 106:.\Generated_Source\PSoC4/RFID_ISR.c ****     RFID_ISR_Disable();
  75              		.loc 1 106 0
  76 0008 FFF7FEFF 		bl	RFID_ISR_Disable
 107:.\Generated_Source\PSoC4/RFID_ISR.c **** 
 108:.\Generated_Source\PSoC4/RFID_ISR.c ****     /* Set the ISR to point to the RFID_ISR Interrupt. */
 109:.\Generated_Source\PSoC4/RFID_ISR.c ****     RFID_ISR_SetVector(address);
  77              		.loc 1 109 0
  78 000c 7B68     		ldr	r3, [r7, #4]
  79 000e 181C     		mov	r0, r3
  80 0010 FFF7FEFF 		bl	RFID_ISR_SetVector
 110:.\Generated_Source\PSoC4/RFID_ISR.c **** 
 111:.\Generated_Source\PSoC4/RFID_ISR.c ****     /* Set the priority. */
 112:.\Generated_Source\PSoC4/RFID_ISR.c ****     RFID_ISR_SetPriority((uint8)RFID_ISR_INTC_PRIOR_NUMBER);
  81              		.loc 1 112 0
  82 0014 0320     		mov	r0, #3
  83 0016 FFF7FEFF 		bl	RFID_ISR_SetPriority
 113:.\Generated_Source\PSoC4/RFID_ISR.c **** 
 114:.\Generated_Source\PSoC4/RFID_ISR.c ****     /* Enable it. */
 115:.\Generated_Source\PSoC4/RFID_ISR.c ****     RFID_ISR_Enable();
  84              		.loc 1 115 0
  85 001a FFF7FEFF 		bl	RFID_ISR_Enable
 116:.\Generated_Source\PSoC4/RFID_ISR.c **** }
  86              		.loc 1 116 0
  87 001e BD46     		mov	sp, r7
  88 0020 02B0     		add	sp, sp, #8
  89              		@ sp needed
  90 0022 80BD     		pop	{r7, pc}
  91              		.cfi_endproc
  92              	.LFE1:
  93              		.size	RFID_ISR_StartEx, .-RFID_ISR_StartEx
  94              		.section	.text.RFID_ISR_Stop,"ax",%progbits
  95              		.align	2
  96              		.global	RFID_ISR_Stop
  97              		.code	16
  98              		.thumb_func
  99              		.type	RFID_ISR_Stop, %function
 100              	RFID_ISR_Stop:
 101              	.LFB2:
 117:.\Generated_Source\PSoC4/RFID_ISR.c **** 
 118:.\Generated_Source\PSoC4/RFID_ISR.c **** 
 119:.\Generated_Source\PSoC4/RFID_ISR.c **** /*******************************************************************************
 120:.\Generated_Source\PSoC4/RFID_ISR.c **** * Function Name: RFID_ISR_Stop
 121:.\Generated_Source\PSoC4/RFID_ISR.c **** ********************************************************************************
 122:.\Generated_Source\PSoC4/RFID_ISR.c **** *
 123:.\Generated_Source\PSoC4/RFID_ISR.c **** * Summary:
 124:.\Generated_Source\PSoC4/RFID_ISR.c **** *   Disables and removes the interrupt.
 125:.\Generated_Source\PSoC4/RFID_ISR.c **** *
 126:.\Generated_Source\PSoC4/RFID_ISR.c **** * Parameters:  
 127:.\Generated_Source\PSoC4/RFID_ISR.c **** *   None
ARM GAS  C:\Users\En\AppData\Local\Temp\cce0vPcM.s 			page 5


 128:.\Generated_Source\PSoC4/RFID_ISR.c **** *
 129:.\Generated_Source\PSoC4/RFID_ISR.c **** * Return:
 130:.\Generated_Source\PSoC4/RFID_ISR.c **** *   None
 131:.\Generated_Source\PSoC4/RFID_ISR.c **** *
 132:.\Generated_Source\PSoC4/RFID_ISR.c **** *******************************************************************************/
 133:.\Generated_Source\PSoC4/RFID_ISR.c **** void RFID_ISR_Stop(void)
 134:.\Generated_Source\PSoC4/RFID_ISR.c **** {
 102              		.loc 1 134 0
 103              		.cfi_startproc
 104 0000 80B5     		push	{r7, lr}
 105              		.cfi_def_cfa_offset 8
 106              		.cfi_offset 7, -8
 107              		.cfi_offset 14, -4
 108 0002 00AF     		add	r7, sp, #0
 109              		.cfi_def_cfa_register 7
 135:.\Generated_Source\PSoC4/RFID_ISR.c ****     /* Disable this interrupt. */
 136:.\Generated_Source\PSoC4/RFID_ISR.c ****     RFID_ISR_Disable();
 110              		.loc 1 136 0
 111 0004 FFF7FEFF 		bl	RFID_ISR_Disable
 137:.\Generated_Source\PSoC4/RFID_ISR.c **** 
 138:.\Generated_Source\PSoC4/RFID_ISR.c ****     /* Set the ISR to point to the passive one. */
 139:.\Generated_Source\PSoC4/RFID_ISR.c ****     RFID_ISR_SetVector(&IntDefaultHandler);
 112              		.loc 1 139 0
 113 0008 024B     		ldr	r3, .L6
 114 000a 181C     		mov	r0, r3
 115 000c FFF7FEFF 		bl	RFID_ISR_SetVector
 140:.\Generated_Source\PSoC4/RFID_ISR.c **** }
 116              		.loc 1 140 0
 117 0010 BD46     		mov	sp, r7
 118              		@ sp needed
 119 0012 80BD     		pop	{r7, pc}
 120              	.L7:
 121              		.align	2
 122              	.L6:
 123 0014 00000000 		.word	IntDefaultHandler
 124              		.cfi_endproc
 125              	.LFE2:
 126              		.size	RFID_ISR_Stop, .-RFID_ISR_Stop
 127              		.section	.text.RFID_ISR_Interrupt,"ax",%progbits
 128              		.align	2
 129              		.global	RFID_ISR_Interrupt
 130              		.code	16
 131              		.thumb_func
 132              		.type	RFID_ISR_Interrupt, %function
 133              	RFID_ISR_Interrupt:
 134              	.LFB3:
 141:.\Generated_Source\PSoC4/RFID_ISR.c **** 
 142:.\Generated_Source\PSoC4/RFID_ISR.c **** 
 143:.\Generated_Source\PSoC4/RFID_ISR.c **** /*******************************************************************************
 144:.\Generated_Source\PSoC4/RFID_ISR.c **** * Function Name: RFID_ISR_Interrupt
 145:.\Generated_Source\PSoC4/RFID_ISR.c **** ********************************************************************************
 146:.\Generated_Source\PSoC4/RFID_ISR.c **** *
 147:.\Generated_Source\PSoC4/RFID_ISR.c **** * Summary:
 148:.\Generated_Source\PSoC4/RFID_ISR.c **** *   The default Interrupt Service Routine for RFID_ISR.
 149:.\Generated_Source\PSoC4/RFID_ISR.c **** *
 150:.\Generated_Source\PSoC4/RFID_ISR.c **** *   Add custom code between the START and END comments to keep the next version
 151:.\Generated_Source\PSoC4/RFID_ISR.c **** *   of this file from over-writing your code.
ARM GAS  C:\Users\En\AppData\Local\Temp\cce0vPcM.s 			page 6


 152:.\Generated_Source\PSoC4/RFID_ISR.c **** *
 153:.\Generated_Source\PSoC4/RFID_ISR.c **** *   Note You may use either the default ISR by using this API, or you may define
 154:.\Generated_Source\PSoC4/RFID_ISR.c **** *   your own separate ISR through ISR_StartEx().
 155:.\Generated_Source\PSoC4/RFID_ISR.c **** *
 156:.\Generated_Source\PSoC4/RFID_ISR.c **** * Parameters:  
 157:.\Generated_Source\PSoC4/RFID_ISR.c **** *   None
 158:.\Generated_Source\PSoC4/RFID_ISR.c **** *
 159:.\Generated_Source\PSoC4/RFID_ISR.c **** * Return:
 160:.\Generated_Source\PSoC4/RFID_ISR.c **** *   None
 161:.\Generated_Source\PSoC4/RFID_ISR.c **** *
 162:.\Generated_Source\PSoC4/RFID_ISR.c **** *******************************************************************************/
 163:.\Generated_Source\PSoC4/RFID_ISR.c **** CY_ISR(RFID_ISR_Interrupt)
 164:.\Generated_Source\PSoC4/RFID_ISR.c **** {
 135              		.loc 1 164 0
 136              		.cfi_startproc
 137 0000 80B5     		push	{r7, lr}
 138              		.cfi_def_cfa_offset 8
 139              		.cfi_offset 7, -8
 140              		.cfi_offset 14, -4
 141 0002 00AF     		add	r7, sp, #0
 142              		.cfi_def_cfa_register 7
 165:.\Generated_Source\PSoC4/RFID_ISR.c ****     /*  Place your Interrupt code here. */
 166:.\Generated_Source\PSoC4/RFID_ISR.c ****     /* `#START RFID_ISR_Interrupt` */
 167:.\Generated_Source\PSoC4/RFID_ISR.c ****     
 168:.\Generated_Source\PSoC4/RFID_ISR.c **** /*    Timer_1_Stop();
 169:.\Generated_Source\PSoC4/RFID_ISR.c ****     Timer_1_Start();    
 170:.\Generated_Source\PSoC4/RFID_ISR.c ****     Timer_1_WriteCounter(0);
 171:.\Generated_Source\PSoC4/RFID_ISR.c **** */    
 172:.\Generated_Source\PSoC4/RFID_ISR.c **** //    RFID_REG_WriteRegValue(0);
 173:.\Generated_Source\PSoC4/RFID_ISR.c **** 
 174:.\Generated_Source\PSoC4/RFID_ISR.c ****     
 175:.\Generated_Source\PSoC4/RFID_ISR.c **** //    if (idx < 5 )
 176:.\Generated_Source\PSoC4/RFID_ISR.c ****     {
 177:.\Generated_Source\PSoC4/RFID_ISR.c ****         //idx = idx + 1;
 178:.\Generated_Source\PSoC4/RFID_ISR.c ****         rfid_data_u16[0] = RFID_REG_ReadData();        
 143              		.loc 1 178 0
 144 0004 FFF7FEFF 		bl	RFID_REG_ReadData
 145 0008 031C     		mov	r3, r0
 146 000a 1A1C     		mov	r2, r3
 147 000c 034B     		ldr	r3, .L9
 148 000e 1A80     		strh	r2, [r3]
 179:.\Generated_Source\PSoC4/RFID_ISR.c ****     }
 180:.\Generated_Source\PSoC4/RFID_ISR.c **** //    else
 181:.\Generated_Source\PSoC4/RFID_ISR.c ****     {        
 182:.\Generated_Source\PSoC4/RFID_ISR.c ****     rfid_data_received = 1; // True
 149              		.loc 1 182 0
 150 0010 034B     		ldr	r3, .L9+4
 151 0012 0122     		mov	r2, #1
 152 0014 1A70     		strb	r2, [r3]
 183:.\Generated_Source\PSoC4/RFID_ISR.c ****     }
 184:.\Generated_Source\PSoC4/RFID_ISR.c ****     /* `#END` */
 185:.\Generated_Source\PSoC4/RFID_ISR.c **** }
 153              		.loc 1 185 0
 154 0016 BD46     		mov	sp, r7
 155              		@ sp needed
 156 0018 80BD     		pop	{r7, pc}
 157              	.L10:
ARM GAS  C:\Users\En\AppData\Local\Temp\cce0vPcM.s 			page 7


 158 001a C046     		.align	2
 159              	.L9:
 160 001c 00000000 		.word	rfid_data_u16
 161 0020 00000000 		.word	rfid_data_received
 162              		.cfi_endproc
 163              	.LFE3:
 164              		.size	RFID_ISR_Interrupt, .-RFID_ISR_Interrupt
 165              		.section	.text.RFID_ISR_SetVector,"ax",%progbits
 166              		.align	2
 167              		.global	RFID_ISR_SetVector
 168              		.code	16
 169              		.thumb_func
 170              		.type	RFID_ISR_SetVector, %function
 171              	RFID_ISR_SetVector:
 172              	.LFB4:
 186:.\Generated_Source\PSoC4/RFID_ISR.c **** 
 187:.\Generated_Source\PSoC4/RFID_ISR.c **** 
 188:.\Generated_Source\PSoC4/RFID_ISR.c **** /*******************************************************************************
 189:.\Generated_Source\PSoC4/RFID_ISR.c **** * Function Name: RFID_ISR_SetVector
 190:.\Generated_Source\PSoC4/RFID_ISR.c **** ********************************************************************************
 191:.\Generated_Source\PSoC4/RFID_ISR.c **** *
 192:.\Generated_Source\PSoC4/RFID_ISR.c **** * Summary:
 193:.\Generated_Source\PSoC4/RFID_ISR.c **** *   Change the ISR vector for the Interrupt. Note calling RFID_ISR_Start
 194:.\Generated_Source\PSoC4/RFID_ISR.c **** *   will override any effect this method would have had. To set the vector 
 195:.\Generated_Source\PSoC4/RFID_ISR.c **** *   before the component has been started use RFID_ISR_StartEx instead.
 196:.\Generated_Source\PSoC4/RFID_ISR.c **** * 
 197:.\Generated_Source\PSoC4/RFID_ISR.c **** *   When defining ISR functions, the CY_ISR and CY_ISR_PROTO macros should be 
 198:.\Generated_Source\PSoC4/RFID_ISR.c **** *   used to provide consistent definition across compilers:
 199:.\Generated_Source\PSoC4/RFID_ISR.c **** *
 200:.\Generated_Source\PSoC4/RFID_ISR.c **** *   Function definition example:
 201:.\Generated_Source\PSoC4/RFID_ISR.c **** *   CY_ISR(MyISR)
 202:.\Generated_Source\PSoC4/RFID_ISR.c **** *   {
 203:.\Generated_Source\PSoC4/RFID_ISR.c **** *   }
 204:.\Generated_Source\PSoC4/RFID_ISR.c **** *
 205:.\Generated_Source\PSoC4/RFID_ISR.c **** *   Function prototype example:
 206:.\Generated_Source\PSoC4/RFID_ISR.c **** *     CY_ISR_PROTO(MyISR);
 207:.\Generated_Source\PSoC4/RFID_ISR.c **** *
 208:.\Generated_Source\PSoC4/RFID_ISR.c **** * Parameters:
 209:.\Generated_Source\PSoC4/RFID_ISR.c **** *   address: Address of the ISR to set in the interrupt vector table.
 210:.\Generated_Source\PSoC4/RFID_ISR.c **** *
 211:.\Generated_Source\PSoC4/RFID_ISR.c **** * Return:
 212:.\Generated_Source\PSoC4/RFID_ISR.c **** *   None
 213:.\Generated_Source\PSoC4/RFID_ISR.c **** *
 214:.\Generated_Source\PSoC4/RFID_ISR.c **** *******************************************************************************/
 215:.\Generated_Source\PSoC4/RFID_ISR.c **** void RFID_ISR_SetVector(cyisraddress address)
 216:.\Generated_Source\PSoC4/RFID_ISR.c **** {
 173              		.loc 1 216 0
 174              		.cfi_startproc
 175 0000 80B5     		push	{r7, lr}
 176              		.cfi_def_cfa_offset 8
 177              		.cfi_offset 7, -8
 178              		.cfi_offset 14, -4
 179 0002 82B0     		sub	sp, sp, #8
 180              		.cfi_def_cfa_offset 16
 181 0004 00AF     		add	r7, sp, #0
 182              		.cfi_def_cfa_register 7
 183 0006 7860     		str	r0, [r7, #4]
ARM GAS  C:\Users\En\AppData\Local\Temp\cce0vPcM.s 			page 8


 217:.\Generated_Source\PSoC4/RFID_ISR.c ****     CyRamVectors[CYINT_IRQ_BASE + RFID_ISR__INTC_NUMBER] = address;
 184              		.loc 1 217 0
 185 0008 024B     		ldr	r3, .L12
 186 000a 7A68     		ldr	r2, [r7, #4]
 187 000c 1A64     		str	r2, [r3, #64]
 218:.\Generated_Source\PSoC4/RFID_ISR.c **** }
 188              		.loc 1 218 0
 189 000e BD46     		mov	sp, r7
 190 0010 02B0     		add	sp, sp, #8
 191              		@ sp needed
 192 0012 80BD     		pop	{r7, pc}
 193              	.L13:
 194              		.align	2
 195              	.L12:
 196 0014 00000000 		.word	CyRamVectors
 197              		.cfi_endproc
 198              	.LFE4:
 199              		.size	RFID_ISR_SetVector, .-RFID_ISR_SetVector
 200              		.section	.text.RFID_ISR_GetVector,"ax",%progbits
 201              		.align	2
 202              		.global	RFID_ISR_GetVector
 203              		.code	16
 204              		.thumb_func
 205              		.type	RFID_ISR_GetVector, %function
 206              	RFID_ISR_GetVector:
 207              	.LFB5:
 219:.\Generated_Source\PSoC4/RFID_ISR.c **** 
 220:.\Generated_Source\PSoC4/RFID_ISR.c **** 
 221:.\Generated_Source\PSoC4/RFID_ISR.c **** /*******************************************************************************
 222:.\Generated_Source\PSoC4/RFID_ISR.c **** * Function Name: RFID_ISR_GetVector
 223:.\Generated_Source\PSoC4/RFID_ISR.c **** ********************************************************************************
 224:.\Generated_Source\PSoC4/RFID_ISR.c **** *
 225:.\Generated_Source\PSoC4/RFID_ISR.c **** * Summary:
 226:.\Generated_Source\PSoC4/RFID_ISR.c **** *   Gets the "address" of the current ISR vector for the Interrupt.
 227:.\Generated_Source\PSoC4/RFID_ISR.c **** *
 228:.\Generated_Source\PSoC4/RFID_ISR.c **** * Parameters:
 229:.\Generated_Source\PSoC4/RFID_ISR.c **** *   None
 230:.\Generated_Source\PSoC4/RFID_ISR.c **** *
 231:.\Generated_Source\PSoC4/RFID_ISR.c **** * Return:
 232:.\Generated_Source\PSoC4/RFID_ISR.c **** *   Address of the ISR in the interrupt vector table.
 233:.\Generated_Source\PSoC4/RFID_ISR.c **** *
 234:.\Generated_Source\PSoC4/RFID_ISR.c **** *******************************************************************************/
 235:.\Generated_Source\PSoC4/RFID_ISR.c **** cyisraddress RFID_ISR_GetVector(void)
 236:.\Generated_Source\PSoC4/RFID_ISR.c **** {
 208              		.loc 1 236 0
 209              		.cfi_startproc
 210 0000 80B5     		push	{r7, lr}
 211              		.cfi_def_cfa_offset 8
 212              		.cfi_offset 7, -8
 213              		.cfi_offset 14, -4
 214 0002 00AF     		add	r7, sp, #0
 215              		.cfi_def_cfa_register 7
 237:.\Generated_Source\PSoC4/RFID_ISR.c ****     return CyRamVectors[CYINT_IRQ_BASE + RFID_ISR__INTC_NUMBER];
 216              		.loc 1 237 0
 217 0004 024B     		ldr	r3, .L16
 218 0006 1B6C     		ldr	r3, [r3, #64]
 238:.\Generated_Source\PSoC4/RFID_ISR.c **** }
ARM GAS  C:\Users\En\AppData\Local\Temp\cce0vPcM.s 			page 9


 219              		.loc 1 238 0
 220 0008 181C     		mov	r0, r3
 221 000a BD46     		mov	sp, r7
 222              		@ sp needed
 223 000c 80BD     		pop	{r7, pc}
 224              	.L17:
 225 000e C046     		.align	2
 226              	.L16:
 227 0010 00000000 		.word	CyRamVectors
 228              		.cfi_endproc
 229              	.LFE5:
 230              		.size	RFID_ISR_GetVector, .-RFID_ISR_GetVector
 231              		.section	.text.RFID_ISR_SetPriority,"ax",%progbits
 232              		.align	2
 233              		.global	RFID_ISR_SetPriority
 234              		.code	16
 235              		.thumb_func
 236              		.type	RFID_ISR_SetPriority, %function
 237              	RFID_ISR_SetPriority:
 238              	.LFB6:
 239:.\Generated_Source\PSoC4/RFID_ISR.c **** 
 240:.\Generated_Source\PSoC4/RFID_ISR.c **** 
 241:.\Generated_Source\PSoC4/RFID_ISR.c **** /*******************************************************************************
 242:.\Generated_Source\PSoC4/RFID_ISR.c **** * Function Name: RFID_ISR_SetPriority
 243:.\Generated_Source\PSoC4/RFID_ISR.c **** ********************************************************************************
 244:.\Generated_Source\PSoC4/RFID_ISR.c **** *
 245:.\Generated_Source\PSoC4/RFID_ISR.c **** * Summary:
 246:.\Generated_Source\PSoC4/RFID_ISR.c **** *   Sets the Priority of the Interrupt. 
 247:.\Generated_Source\PSoC4/RFID_ISR.c **** *
 248:.\Generated_Source\PSoC4/RFID_ISR.c **** *   Note calling RFID_ISR_Start or RFID_ISR_StartEx will 
 249:.\Generated_Source\PSoC4/RFID_ISR.c **** *   override any effect this API would have had. This API should only be called
 250:.\Generated_Source\PSoC4/RFID_ISR.c **** *   after RFID_ISR_Start or RFID_ISR_StartEx has been called. 
 251:.\Generated_Source\PSoC4/RFID_ISR.c **** *   To set the initial priority for the component, use the Design-Wide Resources
 252:.\Generated_Source\PSoC4/RFID_ISR.c **** *   Interrupt Editor.
 253:.\Generated_Source\PSoC4/RFID_ISR.c **** *
 254:.\Generated_Source\PSoC4/RFID_ISR.c **** *   Note This API has no effect on Non-maskable interrupt NMI).
 255:.\Generated_Source\PSoC4/RFID_ISR.c **** *
 256:.\Generated_Source\PSoC4/RFID_ISR.c **** * Parameters:
 257:.\Generated_Source\PSoC4/RFID_ISR.c **** *   priority: Priority of the interrupt, 0 being the highest priority
 258:.\Generated_Source\PSoC4/RFID_ISR.c **** *             PSoC 3 and PSoC 5LP: Priority is from 0 to 7.
 259:.\Generated_Source\PSoC4/RFID_ISR.c **** *             PSoC 4: Priority is from 0 to 3.
 260:.\Generated_Source\PSoC4/RFID_ISR.c **** *
 261:.\Generated_Source\PSoC4/RFID_ISR.c **** * Return:
 262:.\Generated_Source\PSoC4/RFID_ISR.c **** *   None
 263:.\Generated_Source\PSoC4/RFID_ISR.c **** *
 264:.\Generated_Source\PSoC4/RFID_ISR.c **** *******************************************************************************/
 265:.\Generated_Source\PSoC4/RFID_ISR.c **** void RFID_ISR_SetPriority(uint8 priority)
 266:.\Generated_Source\PSoC4/RFID_ISR.c **** {
 239              		.loc 1 266 0
 240              		.cfi_startproc
 241 0000 90B5     		push	{r4, r7, lr}
 242              		.cfi_def_cfa_offset 12
 243              		.cfi_offset 4, -12
 244              		.cfi_offset 7, -8
 245              		.cfi_offset 14, -4
 246 0002 85B0     		sub	sp, sp, #20
 247              		.cfi_def_cfa_offset 32
ARM GAS  C:\Users\En\AppData\Local\Temp\cce0vPcM.s 			page 10


 248 0004 00AF     		add	r7, sp, #0
 249              		.cfi_def_cfa_register 7
 250 0006 021C     		mov	r2, r0
 251 0008 FB1D     		add	r3, r7, #7
 252 000a 1A70     		strb	r2, [r3]
 267:.\Generated_Source\PSoC4/RFID_ISR.c **** 	uint8 interruptState;
 268:.\Generated_Source\PSoC4/RFID_ISR.c ****     uint32 priorityOffset = ((RFID_ISR__INTC_NUMBER % 4u) * 8u) + 6u;
 253              		.loc 1 268 0
 254 000c 0623     		mov	r3, #6
 255 000e FB60     		str	r3, [r7, #12]
 269:.\Generated_Source\PSoC4/RFID_ISR.c ****     
 270:.\Generated_Source\PSoC4/RFID_ISR.c **** 	interruptState = CyEnterCriticalSection();
 256              		.loc 1 270 0
 257 0010 3C1C     		mov	r4, r7
 258 0012 0B34     		add	r4, r4, #11
 259 0014 FFF7FEFF 		bl	CyEnterCriticalSection
 260 0018 031C     		mov	r3, r0
 261 001a 2370     		strb	r3, [r4]
 271:.\Generated_Source\PSoC4/RFID_ISR.c ****     *RFID_ISR_INTC_PRIOR = (*RFID_ISR_INTC_PRIOR & (uint32)(~RFID_ISR__INTC_PRIOR_MASK)) |
 262              		.loc 1 271 0
 263 001c 0B4B     		ldr	r3, .L19
 264 001e 0B4A     		ldr	r2, .L19
 265 0020 1268     		ldr	r2, [r2]
 266 0022 C021     		mov	r1, #192
 267 0024 101C     		mov	r0, r2
 268 0026 8843     		bic	r0, r1
 269 0028 011C     		mov	r1, r0
 272:.\Generated_Source\PSoC4/RFID_ISR.c ****                                     ((uint32)priority << priorityOffset);
 270              		.loc 1 272 0
 271 002a FA1D     		add	r2, r7, #7
 272 002c 1078     		ldrb	r0, [r2]
 273 002e FA68     		ldr	r2, [r7, #12]
 274 0030 041C     		mov	r4, r0
 275 0032 9440     		lsl	r4, r4, r2
 276 0034 221C     		mov	r2, r4
 271:.\Generated_Source\PSoC4/RFID_ISR.c ****     *RFID_ISR_INTC_PRIOR = (*RFID_ISR_INTC_PRIOR & (uint32)(~RFID_ISR__INTC_PRIOR_MASK)) |
 277              		.loc 1 271 0
 278 0036 0A43     		orr	r2, r1
 279 0038 1A60     		str	r2, [r3]
 273:.\Generated_Source\PSoC4/RFID_ISR.c **** 	CyExitCriticalSection(interruptState);
 280              		.loc 1 273 0
 281 003a 3B1C     		mov	r3, r7
 282 003c 0B33     		add	r3, r3, #11
 283 003e 1B78     		ldrb	r3, [r3]
 284 0040 181C     		mov	r0, r3
 285 0042 FFF7FEFF 		bl	CyExitCriticalSection
 274:.\Generated_Source\PSoC4/RFID_ISR.c **** }
 286              		.loc 1 274 0
 287 0046 BD46     		mov	sp, r7
 288 0048 05B0     		add	sp, sp, #20
 289              		@ sp needed
 290 004a 90BD     		pop	{r4, r7, pc}
 291              	.L20:
 292              		.align	2
 293              	.L19:
 294 004c 00E400E0 		.word	-536812544
 295              		.cfi_endproc
ARM GAS  C:\Users\En\AppData\Local\Temp\cce0vPcM.s 			page 11


 296              	.LFE6:
 297              		.size	RFID_ISR_SetPriority, .-RFID_ISR_SetPriority
 298              		.section	.text.RFID_ISR_GetPriority,"ax",%progbits
 299              		.align	2
 300              		.global	RFID_ISR_GetPriority
 301              		.code	16
 302              		.thumb_func
 303              		.type	RFID_ISR_GetPriority, %function
 304              	RFID_ISR_GetPriority:
 305              	.LFB7:
 275:.\Generated_Source\PSoC4/RFID_ISR.c **** 
 276:.\Generated_Source\PSoC4/RFID_ISR.c **** 
 277:.\Generated_Source\PSoC4/RFID_ISR.c **** /*******************************************************************************
 278:.\Generated_Source\PSoC4/RFID_ISR.c **** * Function Name: RFID_ISR_GetPriority
 279:.\Generated_Source\PSoC4/RFID_ISR.c **** ********************************************************************************
 280:.\Generated_Source\PSoC4/RFID_ISR.c **** *
 281:.\Generated_Source\PSoC4/RFID_ISR.c **** * Summary:
 282:.\Generated_Source\PSoC4/RFID_ISR.c **** *   Gets the Priority of the Interrupt.
 283:.\Generated_Source\PSoC4/RFID_ISR.c **** *
 284:.\Generated_Source\PSoC4/RFID_ISR.c **** * Parameters:
 285:.\Generated_Source\PSoC4/RFID_ISR.c **** *   None
 286:.\Generated_Source\PSoC4/RFID_ISR.c **** *
 287:.\Generated_Source\PSoC4/RFID_ISR.c **** * Return:
 288:.\Generated_Source\PSoC4/RFID_ISR.c **** *   Priority of the interrupt, 0 being the highest priority
 289:.\Generated_Source\PSoC4/RFID_ISR.c **** *    PSoC 3 and PSoC 5LP: Priority is from 0 to 7.
 290:.\Generated_Source\PSoC4/RFID_ISR.c **** *    PSoC 4: Priority is from 0 to 3.
 291:.\Generated_Source\PSoC4/RFID_ISR.c **** *
 292:.\Generated_Source\PSoC4/RFID_ISR.c **** *******************************************************************************/
 293:.\Generated_Source\PSoC4/RFID_ISR.c **** uint8 RFID_ISR_GetPriority(void)
 294:.\Generated_Source\PSoC4/RFID_ISR.c **** {
 306              		.loc 1 294 0
 307              		.cfi_startproc
 308 0000 80B5     		push	{r7, lr}
 309              		.cfi_def_cfa_offset 8
 310              		.cfi_offset 7, -8
 311              		.cfi_offset 14, -4
 312 0002 82B0     		sub	sp, sp, #8
 313              		.cfi_def_cfa_offset 16
 314 0004 00AF     		add	r7, sp, #0
 315              		.cfi_def_cfa_register 7
 295:.\Generated_Source\PSoC4/RFID_ISR.c ****     uint32 priority;
 296:.\Generated_Source\PSoC4/RFID_ISR.c **** 	uint32 priorityOffset = ((RFID_ISR__INTC_NUMBER % 4u) * 8u) + 6u;
 316              		.loc 1 296 0
 317 0006 0623     		mov	r3, #6
 318 0008 7B60     		str	r3, [r7, #4]
 297:.\Generated_Source\PSoC4/RFID_ISR.c **** 
 298:.\Generated_Source\PSoC4/RFID_ISR.c ****     priority = (*RFID_ISR_INTC_PRIOR & RFID_ISR__INTC_PRIOR_MASK) >> priorityOffset;
 319              		.loc 1 298 0
 320 000a 074B     		ldr	r3, .L23
 321 000c 1A68     		ldr	r2, [r3]
 322 000e C023     		mov	r3, #192
 323 0010 1A40     		and	r2, r3
 324 0012 7B68     		ldr	r3, [r7, #4]
 325 0014 111C     		mov	r1, r2
 326 0016 D940     		lsr	r1, r1, r3
 327 0018 0B1C     		mov	r3, r1
 328 001a 3B60     		str	r3, [r7]
ARM GAS  C:\Users\En\AppData\Local\Temp\cce0vPcM.s 			page 12


 299:.\Generated_Source\PSoC4/RFID_ISR.c **** 
 300:.\Generated_Source\PSoC4/RFID_ISR.c ****     return (uint8)priority;
 329              		.loc 1 300 0
 330 001c 3B68     		ldr	r3, [r7]
 331 001e DBB2     		uxtb	r3, r3
 301:.\Generated_Source\PSoC4/RFID_ISR.c **** }
 332              		.loc 1 301 0
 333 0020 181C     		mov	r0, r3
 334 0022 BD46     		mov	sp, r7
 335 0024 02B0     		add	sp, sp, #8
 336              		@ sp needed
 337 0026 80BD     		pop	{r7, pc}
 338              	.L24:
 339              		.align	2
 340              	.L23:
 341 0028 00E400E0 		.word	-536812544
 342              		.cfi_endproc
 343              	.LFE7:
 344              		.size	RFID_ISR_GetPriority, .-RFID_ISR_GetPriority
 345              		.section	.text.RFID_ISR_Enable,"ax",%progbits
 346              		.align	2
 347              		.global	RFID_ISR_Enable
 348              		.code	16
 349              		.thumb_func
 350              		.type	RFID_ISR_Enable, %function
 351              	RFID_ISR_Enable:
 352              	.LFB8:
 302:.\Generated_Source\PSoC4/RFID_ISR.c **** 
 303:.\Generated_Source\PSoC4/RFID_ISR.c **** 
 304:.\Generated_Source\PSoC4/RFID_ISR.c **** /*******************************************************************************
 305:.\Generated_Source\PSoC4/RFID_ISR.c **** * Function Name: RFID_ISR_Enable
 306:.\Generated_Source\PSoC4/RFID_ISR.c **** ********************************************************************************
 307:.\Generated_Source\PSoC4/RFID_ISR.c **** *
 308:.\Generated_Source\PSoC4/RFID_ISR.c **** * Summary:
 309:.\Generated_Source\PSoC4/RFID_ISR.c **** *   Enables the interrupt to the interrupt controller. Do not call this function
 310:.\Generated_Source\PSoC4/RFID_ISR.c **** *   unless ISR_Start() has been called or the functionality of the ISR_Start() 
 311:.\Generated_Source\PSoC4/RFID_ISR.c **** *   function, which sets the vector and the priority, has been called.
 312:.\Generated_Source\PSoC4/RFID_ISR.c **** *
 313:.\Generated_Source\PSoC4/RFID_ISR.c **** * Parameters:
 314:.\Generated_Source\PSoC4/RFID_ISR.c **** *   None
 315:.\Generated_Source\PSoC4/RFID_ISR.c **** *
 316:.\Generated_Source\PSoC4/RFID_ISR.c **** * Return:
 317:.\Generated_Source\PSoC4/RFID_ISR.c **** *   None
 318:.\Generated_Source\PSoC4/RFID_ISR.c **** *
 319:.\Generated_Source\PSoC4/RFID_ISR.c **** *******************************************************************************/
 320:.\Generated_Source\PSoC4/RFID_ISR.c **** void RFID_ISR_Enable(void)
 321:.\Generated_Source\PSoC4/RFID_ISR.c **** {
 353              		.loc 1 321 0
 354              		.cfi_startproc
 355 0000 80B5     		push	{r7, lr}
 356              		.cfi_def_cfa_offset 8
 357              		.cfi_offset 7, -8
 358              		.cfi_offset 14, -4
 359 0002 00AF     		add	r7, sp, #0
 360              		.cfi_def_cfa_register 7
 322:.\Generated_Source\PSoC4/RFID_ISR.c ****     /* Enable the general interrupt. */
 323:.\Generated_Source\PSoC4/RFID_ISR.c ****     *RFID_ISR_INTC_SET_EN = RFID_ISR__INTC_MASK;
ARM GAS  C:\Users\En\AppData\Local\Temp\cce0vPcM.s 			page 13


 361              		.loc 1 323 0
 362 0004 024B     		ldr	r3, .L26
 363 0006 0122     		mov	r2, #1
 364 0008 1A60     		str	r2, [r3]
 324:.\Generated_Source\PSoC4/RFID_ISR.c **** }
 365              		.loc 1 324 0
 366 000a BD46     		mov	sp, r7
 367              		@ sp needed
 368 000c 80BD     		pop	{r7, pc}
 369              	.L27:
 370 000e C046     		.align	2
 371              	.L26:
 372 0010 00E100E0 		.word	-536813312
 373              		.cfi_endproc
 374              	.LFE8:
 375              		.size	RFID_ISR_Enable, .-RFID_ISR_Enable
 376              		.section	.text.RFID_ISR_GetState,"ax",%progbits
 377              		.align	2
 378              		.global	RFID_ISR_GetState
 379              		.code	16
 380              		.thumb_func
 381              		.type	RFID_ISR_GetState, %function
 382              	RFID_ISR_GetState:
 383              	.LFB9:
 325:.\Generated_Source\PSoC4/RFID_ISR.c **** 
 326:.\Generated_Source\PSoC4/RFID_ISR.c **** 
 327:.\Generated_Source\PSoC4/RFID_ISR.c **** /*******************************************************************************
 328:.\Generated_Source\PSoC4/RFID_ISR.c **** * Function Name: RFID_ISR_GetState
 329:.\Generated_Source\PSoC4/RFID_ISR.c **** ********************************************************************************
 330:.\Generated_Source\PSoC4/RFID_ISR.c **** *
 331:.\Generated_Source\PSoC4/RFID_ISR.c **** * Summary:
 332:.\Generated_Source\PSoC4/RFID_ISR.c **** *   Gets the state (enabled, disabled) of the Interrupt.
 333:.\Generated_Source\PSoC4/RFID_ISR.c **** *
 334:.\Generated_Source\PSoC4/RFID_ISR.c **** * Parameters:
 335:.\Generated_Source\PSoC4/RFID_ISR.c **** *   None
 336:.\Generated_Source\PSoC4/RFID_ISR.c **** *
 337:.\Generated_Source\PSoC4/RFID_ISR.c **** * Return:
 338:.\Generated_Source\PSoC4/RFID_ISR.c **** *   1 if enabled, 0 if disabled.
 339:.\Generated_Source\PSoC4/RFID_ISR.c **** *
 340:.\Generated_Source\PSoC4/RFID_ISR.c **** *******************************************************************************/
 341:.\Generated_Source\PSoC4/RFID_ISR.c **** uint8 RFID_ISR_GetState(void)
 342:.\Generated_Source\PSoC4/RFID_ISR.c **** {
 384              		.loc 1 342 0
 385              		.cfi_startproc
 386 0000 80B5     		push	{r7, lr}
 387              		.cfi_def_cfa_offset 8
 388              		.cfi_offset 7, -8
 389              		.cfi_offset 14, -4
 390 0002 00AF     		add	r7, sp, #0
 391              		.cfi_def_cfa_register 7
 343:.\Generated_Source\PSoC4/RFID_ISR.c ****     /* Get the state of the general interrupt. */
 344:.\Generated_Source\PSoC4/RFID_ISR.c ****     return ((*RFID_ISR_INTC_SET_EN & (uint32)RFID_ISR__INTC_MASK) != 0u) ? 1u:0u;
 392              		.loc 1 344 0
 393 0004 044B     		ldr	r3, .L30
 394 0006 1B68     		ldr	r3, [r3]
 395 0008 DAB2     		uxtb	r2, r3
 396 000a 0123     		mov	r3, #1
ARM GAS  C:\Users\En\AppData\Local\Temp\cce0vPcM.s 			page 14


 397 000c 1340     		and	r3, r2
 398 000e DBB2     		uxtb	r3, r3
 345:.\Generated_Source\PSoC4/RFID_ISR.c **** }
 399              		.loc 1 345 0
 400 0010 181C     		mov	r0, r3
 401 0012 BD46     		mov	sp, r7
 402              		@ sp needed
 403 0014 80BD     		pop	{r7, pc}
 404              	.L31:
 405 0016 C046     		.align	2
 406              	.L30:
 407 0018 00E100E0 		.word	-536813312
 408              		.cfi_endproc
 409              	.LFE9:
 410              		.size	RFID_ISR_GetState, .-RFID_ISR_GetState
 411              		.section	.text.RFID_ISR_Disable,"ax",%progbits
 412              		.align	2
 413              		.global	RFID_ISR_Disable
 414              		.code	16
 415              		.thumb_func
 416              		.type	RFID_ISR_Disable, %function
 417              	RFID_ISR_Disable:
 418              	.LFB10:
 346:.\Generated_Source\PSoC4/RFID_ISR.c **** 
 347:.\Generated_Source\PSoC4/RFID_ISR.c **** 
 348:.\Generated_Source\PSoC4/RFID_ISR.c **** /*******************************************************************************
 349:.\Generated_Source\PSoC4/RFID_ISR.c **** * Function Name: RFID_ISR_Disable
 350:.\Generated_Source\PSoC4/RFID_ISR.c **** ********************************************************************************
 351:.\Generated_Source\PSoC4/RFID_ISR.c **** *
 352:.\Generated_Source\PSoC4/RFID_ISR.c **** * Summary:
 353:.\Generated_Source\PSoC4/RFID_ISR.c **** *   Disables the Interrupt in the interrupt controller.
 354:.\Generated_Source\PSoC4/RFID_ISR.c **** *
 355:.\Generated_Source\PSoC4/RFID_ISR.c **** * Parameters:
 356:.\Generated_Source\PSoC4/RFID_ISR.c **** *   None
 357:.\Generated_Source\PSoC4/RFID_ISR.c **** *
 358:.\Generated_Source\PSoC4/RFID_ISR.c **** * Return:
 359:.\Generated_Source\PSoC4/RFID_ISR.c **** *   None
 360:.\Generated_Source\PSoC4/RFID_ISR.c **** *
 361:.\Generated_Source\PSoC4/RFID_ISR.c **** *******************************************************************************/
 362:.\Generated_Source\PSoC4/RFID_ISR.c **** void RFID_ISR_Disable(void)
 363:.\Generated_Source\PSoC4/RFID_ISR.c **** {
 419              		.loc 1 363 0
 420              		.cfi_startproc
 421 0000 80B5     		push	{r7, lr}
 422              		.cfi_def_cfa_offset 8
 423              		.cfi_offset 7, -8
 424              		.cfi_offset 14, -4
 425 0002 00AF     		add	r7, sp, #0
 426              		.cfi_def_cfa_register 7
 364:.\Generated_Source\PSoC4/RFID_ISR.c ****     /* Disable the general interrupt. */
 365:.\Generated_Source\PSoC4/RFID_ISR.c ****     *RFID_ISR_INTC_CLR_EN = RFID_ISR__INTC_MASK;
 427              		.loc 1 365 0
 428 0004 024B     		ldr	r3, .L33
 429 0006 0122     		mov	r2, #1
 430 0008 1A60     		str	r2, [r3]
 366:.\Generated_Source\PSoC4/RFID_ISR.c **** }
 431              		.loc 1 366 0
ARM GAS  C:\Users\En\AppData\Local\Temp\cce0vPcM.s 			page 15


 432 000a BD46     		mov	sp, r7
 433              		@ sp needed
 434 000c 80BD     		pop	{r7, pc}
 435              	.L34:
 436 000e C046     		.align	2
 437              	.L33:
 438 0010 80E100E0 		.word	-536813184
 439              		.cfi_endproc
 440              	.LFE10:
 441              		.size	RFID_ISR_Disable, .-RFID_ISR_Disable
 442              		.section	.text.RFID_ISR_SetPending,"ax",%progbits
 443              		.align	2
 444              		.global	RFID_ISR_SetPending
 445              		.code	16
 446              		.thumb_func
 447              		.type	RFID_ISR_SetPending, %function
 448              	RFID_ISR_SetPending:
 449              	.LFB11:
 367:.\Generated_Source\PSoC4/RFID_ISR.c **** 
 368:.\Generated_Source\PSoC4/RFID_ISR.c **** 
 369:.\Generated_Source\PSoC4/RFID_ISR.c **** /*******************************************************************************
 370:.\Generated_Source\PSoC4/RFID_ISR.c **** * Function Name: RFID_ISR_SetPending
 371:.\Generated_Source\PSoC4/RFID_ISR.c **** ********************************************************************************
 372:.\Generated_Source\PSoC4/RFID_ISR.c **** *
 373:.\Generated_Source\PSoC4/RFID_ISR.c **** * Summary:
 374:.\Generated_Source\PSoC4/RFID_ISR.c **** *   Causes the Interrupt to enter the pending state, a software method of
 375:.\Generated_Source\PSoC4/RFID_ISR.c **** *   generating the interrupt.
 376:.\Generated_Source\PSoC4/RFID_ISR.c **** *
 377:.\Generated_Source\PSoC4/RFID_ISR.c **** * Parameters:
 378:.\Generated_Source\PSoC4/RFID_ISR.c **** *   None
 379:.\Generated_Source\PSoC4/RFID_ISR.c **** *
 380:.\Generated_Source\PSoC4/RFID_ISR.c **** * Return:
 381:.\Generated_Source\PSoC4/RFID_ISR.c **** *   None
 382:.\Generated_Source\PSoC4/RFID_ISR.c **** *
 383:.\Generated_Source\PSoC4/RFID_ISR.c **** * Side Effects:
 384:.\Generated_Source\PSoC4/RFID_ISR.c **** *   If interrupts are enabled and the interrupt is set up properly, the ISR is
 385:.\Generated_Source\PSoC4/RFID_ISR.c **** *   entered (depending on the priority of this interrupt and other pending 
 386:.\Generated_Source\PSoC4/RFID_ISR.c **** *   interrupts).
 387:.\Generated_Source\PSoC4/RFID_ISR.c **** *
 388:.\Generated_Source\PSoC4/RFID_ISR.c **** *******************************************************************************/
 389:.\Generated_Source\PSoC4/RFID_ISR.c **** void RFID_ISR_SetPending(void)
 390:.\Generated_Source\PSoC4/RFID_ISR.c **** {
 450              		.loc 1 390 0
 451              		.cfi_startproc
 452 0000 80B5     		push	{r7, lr}
 453              		.cfi_def_cfa_offset 8
 454              		.cfi_offset 7, -8
 455              		.cfi_offset 14, -4
 456 0002 00AF     		add	r7, sp, #0
 457              		.cfi_def_cfa_register 7
 391:.\Generated_Source\PSoC4/RFID_ISR.c ****     *RFID_ISR_INTC_SET_PD = RFID_ISR__INTC_MASK;
 458              		.loc 1 391 0
 459 0004 024B     		ldr	r3, .L36
 460 0006 0122     		mov	r2, #1
 461 0008 1A60     		str	r2, [r3]
 392:.\Generated_Source\PSoC4/RFID_ISR.c **** }
 462              		.loc 1 392 0
ARM GAS  C:\Users\En\AppData\Local\Temp\cce0vPcM.s 			page 16


 463 000a BD46     		mov	sp, r7
 464              		@ sp needed
 465 000c 80BD     		pop	{r7, pc}
 466              	.L37:
 467 000e C046     		.align	2
 468              	.L36:
 469 0010 00E200E0 		.word	-536813056
 470              		.cfi_endproc
 471              	.LFE11:
 472              		.size	RFID_ISR_SetPending, .-RFID_ISR_SetPending
 473              		.section	.text.RFID_ISR_ClearPending,"ax",%progbits
 474              		.align	2
 475              		.global	RFID_ISR_ClearPending
 476              		.code	16
 477              		.thumb_func
 478              		.type	RFID_ISR_ClearPending, %function
 479              	RFID_ISR_ClearPending:
 480              	.LFB12:
 393:.\Generated_Source\PSoC4/RFID_ISR.c **** 
 394:.\Generated_Source\PSoC4/RFID_ISR.c **** 
 395:.\Generated_Source\PSoC4/RFID_ISR.c **** /*******************************************************************************
 396:.\Generated_Source\PSoC4/RFID_ISR.c **** * Function Name: RFID_ISR_ClearPending
 397:.\Generated_Source\PSoC4/RFID_ISR.c **** ********************************************************************************
 398:.\Generated_Source\PSoC4/RFID_ISR.c **** *
 399:.\Generated_Source\PSoC4/RFID_ISR.c **** * Summary:
 400:.\Generated_Source\PSoC4/RFID_ISR.c **** *   Clears a pending interrupt in the interrupt controller.
 401:.\Generated_Source\PSoC4/RFID_ISR.c **** *
 402:.\Generated_Source\PSoC4/RFID_ISR.c **** *   Note Some interrupt sources are clear-on-read and require the block 
 403:.\Generated_Source\PSoC4/RFID_ISR.c **** *   interrupt/status register to be read/cleared with the appropriate block API 
 404:.\Generated_Source\PSoC4/RFID_ISR.c **** *   (GPIO, UART, and so on). Otherwise the ISR will continue to remain in 
 405:.\Generated_Source\PSoC4/RFID_ISR.c **** *   pending state even though the interrupt itself is cleared using this API.
 406:.\Generated_Source\PSoC4/RFID_ISR.c **** *
 407:.\Generated_Source\PSoC4/RFID_ISR.c **** * Parameters:
 408:.\Generated_Source\PSoC4/RFID_ISR.c **** *   None
 409:.\Generated_Source\PSoC4/RFID_ISR.c **** *
 410:.\Generated_Source\PSoC4/RFID_ISR.c **** * Return:
 411:.\Generated_Source\PSoC4/RFID_ISR.c **** *   None
 412:.\Generated_Source\PSoC4/RFID_ISR.c **** *
 413:.\Generated_Source\PSoC4/RFID_ISR.c **** *******************************************************************************/
 414:.\Generated_Source\PSoC4/RFID_ISR.c **** void RFID_ISR_ClearPending(void)
 415:.\Generated_Source\PSoC4/RFID_ISR.c **** {
 481              		.loc 1 415 0
 482              		.cfi_startproc
 483 0000 80B5     		push	{r7, lr}
 484              		.cfi_def_cfa_offset 8
 485              		.cfi_offset 7, -8
 486              		.cfi_offset 14, -4
 487 0002 00AF     		add	r7, sp, #0
 488              		.cfi_def_cfa_register 7
 416:.\Generated_Source\PSoC4/RFID_ISR.c ****     *RFID_ISR_INTC_CLR_PD = RFID_ISR__INTC_MASK;
 489              		.loc 1 416 0
 490 0004 024B     		ldr	r3, .L39
 491 0006 0122     		mov	r2, #1
 492 0008 1A60     		str	r2, [r3]
 417:.\Generated_Source\PSoC4/RFID_ISR.c **** }
 493              		.loc 1 417 0
 494 000a BD46     		mov	sp, r7
ARM GAS  C:\Users\En\AppData\Local\Temp\cce0vPcM.s 			page 17


 495              		@ sp needed
 496 000c 80BD     		pop	{r7, pc}
 497              	.L40:
 498 000e C046     		.align	2
 499              	.L39:
 500 0010 80E200E0 		.word	-536812928
 501              		.cfi_endproc
 502              	.LFE12:
 503              		.size	RFID_ISR_ClearPending, .-RFID_ISR_ClearPending
 504              		.text
 505              	.Letext0:
 506              		.file 2 "Generated_Source\\PSoC4/cytypes.h"
 507              		.section	.debug_info,"",%progbits
 508              	.Ldebug_info0:
 509 0000 75020000 		.4byte	0x275
 510 0004 0400     		.2byte	0x4
 511 0006 00000000 		.4byte	.Ldebug_abbrev0
 512 000a 04       		.byte	0x4
 513 000b 01       		.uleb128 0x1
 514 000c AE000000 		.4byte	.LASF37
 515 0010 01       		.byte	0x1
 516 0011 60000000 		.4byte	.LASF38
 517 0015 0C020000 		.4byte	.LASF39
 518 0019 00000000 		.4byte	.Ldebug_ranges0+0
 519 001d 00000000 		.4byte	0
 520 0021 00000000 		.4byte	.Ldebug_line0
 521 0025 02       		.uleb128 0x2
 522 0026 01       		.byte	0x1
 523 0027 06       		.byte	0x6
 524 0028 9A020000 		.4byte	.LASF0
 525 002c 02       		.uleb128 0x2
 526 002d 01       		.byte	0x1
 527 002e 08       		.byte	0x8
 528 002f 3D010000 		.4byte	.LASF1
 529 0033 02       		.uleb128 0x2
 530 0034 02       		.byte	0x2
 531 0035 05       		.byte	0x5
 532 0036 63020000 		.4byte	.LASF2
 533 003a 02       		.uleb128 0x2
 534 003b 02       		.byte	0x2
 535 003c 07       		.byte	0x7
 536 003d 4D000000 		.4byte	.LASF3
 537 0041 02       		.uleb128 0x2
 538 0042 04       		.byte	0x4
 539 0043 05       		.byte	0x5
 540 0044 91020000 		.4byte	.LASF4
 541 0048 02       		.uleb128 0x2
 542 0049 04       		.byte	0x4
 543 004a 07       		.byte	0x7
 544 004b 5A010000 		.4byte	.LASF5
 545 004f 02       		.uleb128 0x2
 546 0050 08       		.byte	0x8
 547 0051 05       		.byte	0x5
 548 0052 50020000 		.4byte	.LASF6
 549 0056 02       		.uleb128 0x2
 550 0057 08       		.byte	0x8
 551 0058 07       		.byte	0x7
ARM GAS  C:\Users\En\AppData\Local\Temp\cce0vPcM.s 			page 18


 552 0059 B5010000 		.4byte	.LASF7
 553 005d 03       		.uleb128 0x3
 554 005e 04       		.byte	0x4
 555 005f 05       		.byte	0x5
 556 0060 696E7400 		.ascii	"int\000"
 557 0064 02       		.uleb128 0x2
 558 0065 04       		.byte	0x4
 559 0066 07       		.byte	0x7
 560 0067 A0010000 		.4byte	.LASF8
 561 006b 04       		.uleb128 0x4
 562 006c 6C010000 		.4byte	.LASF9
 563 0070 02       		.byte	0x2
 564 0071 B3       		.byte	0xb3
 565 0072 2C000000 		.4byte	0x2c
 566 0076 04       		.uleb128 0x4
 567 0077 82010000 		.4byte	.LASF10
 568 007b 02       		.byte	0x2
 569 007c B4       		.byte	0xb4
 570 007d 3A000000 		.4byte	0x3a
 571 0081 04       		.uleb128 0x4
 572 0082 89010000 		.4byte	.LASF11
 573 0086 02       		.byte	0x2
 574 0087 B5       		.byte	0xb5
 575 0088 48000000 		.4byte	0x48
 576 008c 02       		.uleb128 0x2
 577 008d 04       		.byte	0x4
 578 008e 04       		.byte	0x4
 579 008f A8000000 		.4byte	.LASF12
 580 0093 02       		.uleb128 0x2
 581 0094 08       		.byte	0x8
 582 0095 04       		.byte	0x4
 583 0096 7B010000 		.4byte	.LASF13
 584 009a 02       		.uleb128 0x2
 585 009b 01       		.byte	0x1
 586 009c 08       		.byte	0x8
 587 009d 5E020000 		.4byte	.LASF14
 588 00a1 05       		.uleb128 0x5
 589 00a2 00000000 		.4byte	.LASF15
 590 00a6 02       		.byte	0x2
 591 00a7 5F01     		.2byte	0x15f
 592 00a9 AD000000 		.4byte	0xad
 593 00ad 06       		.uleb128 0x6
 594 00ae 81000000 		.4byte	0x81
 595 00b2 05       		.uleb128 0x5
 596 00b3 EC010000 		.4byte	.LASF16
 597 00b7 02       		.byte	0x2
 598 00b8 6F01     		.2byte	0x16f
 599 00ba BE000000 		.4byte	0xbe
 600 00be 07       		.uleb128 0x7
 601 00bf 04       		.byte	0x4
 602 00c0 C4000000 		.4byte	0xc4
 603 00c4 08       		.uleb128 0x8
 604 00c5 02       		.uleb128 0x2
 605 00c6 04       		.byte	0x4
 606 00c7 07       		.byte	0x7
 607 00c8 47020000 		.4byte	.LASF17
 608 00cc 09       		.uleb128 0x9
ARM GAS  C:\Users\En\AppData\Local\Temp\cce0vPcM.s 			page 19


 609 00cd B4020000 		.4byte	.LASF18
 610 00d1 01       		.byte	0x1
 611 00d2 3C       		.byte	0x3c
 612 00d3 00000000 		.4byte	.LFB0
 613 00d7 24000000 		.4byte	.LFE0-.LFB0
 614 00db 01       		.uleb128 0x1
 615 00dc 9C       		.byte	0x9c
 616 00dd 0A       		.uleb128 0xa
 617 00de 3C000000 		.4byte	.LASF21
 618 00e2 01       		.byte	0x1
 619 00e3 67       		.byte	0x67
 620 00e4 00000000 		.4byte	.LFB1
 621 00e8 24000000 		.4byte	.LFE1-.LFB1
 622 00ec 01       		.uleb128 0x1
 623 00ed 9C       		.byte	0x9c
 624 00ee 01010000 		.4byte	0x101
 625 00f2 0B       		.uleb128 0xb
 626 00f3 AD010000 		.4byte	.LASF23
 627 00f7 01       		.byte	0x1
 628 00f8 67       		.byte	0x67
 629 00f9 B2000000 		.4byte	0xb2
 630 00fd 02       		.uleb128 0x2
 631 00fe 91       		.byte	0x91
 632 00ff 74       		.sleb128 -12
 633 0100 00       		.byte	0
 634 0101 09       		.uleb128 0x9
 635 0102 A6020000 		.4byte	.LASF19
 636 0106 01       		.byte	0x1
 637 0107 85       		.byte	0x85
 638 0108 00000000 		.4byte	.LFB2
 639 010c 18000000 		.4byte	.LFE2-.LFB2
 640 0110 01       		.uleb128 0x1
 641 0111 9C       		.byte	0x9c
 642 0112 09       		.uleb128 0x9
 643 0113 95000000 		.4byte	.LASF20
 644 0117 01       		.byte	0x1
 645 0118 A3       		.byte	0xa3
 646 0119 00000000 		.4byte	.LFB3
 647 011d 24000000 		.4byte	.LFE3-.LFB3
 648 0121 01       		.uleb128 0x1
 649 0122 9C       		.byte	0x9c
 650 0123 0C       		.uleb128 0xc
 651 0124 2A010000 		.4byte	.LASF22
 652 0128 01       		.byte	0x1
 653 0129 D7       		.byte	0xd7
 654 012a 00000000 		.4byte	.LFB4
 655 012e 18000000 		.4byte	.LFE4-.LFB4
 656 0132 01       		.uleb128 0x1
 657 0133 9C       		.byte	0x9c
 658 0134 47010000 		.4byte	0x147
 659 0138 0B       		.uleb128 0xb
 660 0139 AD010000 		.4byte	.LASF23
 661 013d 01       		.byte	0x1
 662 013e D7       		.byte	0xd7
 663 013f B2000000 		.4byte	0xb2
 664 0143 02       		.uleb128 0x2
 665 0144 91       		.byte	0x91
ARM GAS  C:\Users\En\AppData\Local\Temp\cce0vPcM.s 			page 20


 666 0145 74       		.sleb128 -12
 667 0146 00       		.byte	0
 668 0147 0D       		.uleb128 0xd
 669 0148 F9010000 		.4byte	.LASF29
 670 014c 01       		.byte	0x1
 671 014d EB       		.byte	0xeb
 672 014e B2000000 		.4byte	0xb2
 673 0152 00000000 		.4byte	.LFB5
 674 0156 14000000 		.4byte	.LFE5-.LFB5
 675 015a 01       		.uleb128 0x1
 676 015b 9C       		.byte	0x9c
 677 015c 0E       		.uleb128 0xe
 678 015d 13000000 		.4byte	.LASF24
 679 0161 01       		.byte	0x1
 680 0162 0901     		.2byte	0x109
 681 0164 00000000 		.4byte	.LFB6
 682 0168 50000000 		.4byte	.LFE6-.LFB6
 683 016c 01       		.uleb128 0x1
 684 016d 9C       		.byte	0x9c
 685 016e A0010000 		.4byte	0x1a0
 686 0172 0F       		.uleb128 0xf
 687 0173 72010000 		.4byte	.LASF25
 688 0177 01       		.byte	0x1
 689 0178 0901     		.2byte	0x109
 690 017a 6B000000 		.4byte	0x6b
 691 017e 02       		.uleb128 0x2
 692 017f 91       		.byte	0x91
 693 0180 67       		.sleb128 -25
 694 0181 10       		.uleb128 0x10
 695 0182 4B010000 		.4byte	.LASF26
 696 0186 01       		.byte	0x1
 697 0187 0B01     		.2byte	0x10b
 698 0189 6B000000 		.4byte	0x6b
 699 018d 02       		.uleb128 0x2
 700 018e 91       		.byte	0x91
 701 018f 6B       		.sleb128 -21
 702 0190 10       		.uleb128 0x10
 703 0191 82020000 		.4byte	.LASF27
 704 0195 01       		.byte	0x1
 705 0196 0C01     		.2byte	0x10c
 706 0198 81000000 		.4byte	0x81
 707 019c 02       		.uleb128 0x2
 708 019d 91       		.byte	0x91
 709 019e 6C       		.sleb128 -20
 710 019f 00       		.byte	0
 711 01a0 11       		.uleb128 0x11
 712 01a1 6D020000 		.4byte	.LASF40
 713 01a5 01       		.byte	0x1
 714 01a6 2501     		.2byte	0x125
 715 01a8 6B000000 		.4byte	0x6b
 716 01ac 00000000 		.4byte	.LFB7
 717 01b0 2C000000 		.4byte	.LFE7-.LFB7
 718 01b4 01       		.uleb128 0x1
 719 01b5 9C       		.byte	0x9c
 720 01b6 D9010000 		.4byte	0x1d9
 721 01ba 10       		.uleb128 0x10
 722 01bb 72010000 		.4byte	.LASF25
ARM GAS  C:\Users\En\AppData\Local\Temp\cce0vPcM.s 			page 21


 723 01bf 01       		.byte	0x1
 724 01c0 2701     		.2byte	0x127
 725 01c2 81000000 		.4byte	0x81
 726 01c6 02       		.uleb128 0x2
 727 01c7 91       		.byte	0x91
 728 01c8 70       		.sleb128 -16
 729 01c9 10       		.uleb128 0x10
 730 01ca 82020000 		.4byte	.LASF27
 731 01ce 01       		.byte	0x1
 732 01cf 2801     		.2byte	0x128
 733 01d1 81000000 		.4byte	0x81
 734 01d5 02       		.uleb128 0x2
 735 01d6 91       		.byte	0x91
 736 01d7 74       		.sleb128 -12
 737 01d8 00       		.byte	0
 738 01d9 12       		.uleb128 0x12
 739 01da 90010000 		.4byte	.LASF28
 740 01de 01       		.byte	0x1
 741 01df 4001     		.2byte	0x140
 742 01e1 00000000 		.4byte	.LFB8
 743 01e5 14000000 		.4byte	.LFE8-.LFB8
 744 01e9 01       		.uleb128 0x1
 745 01ea 9C       		.byte	0x9c
 746 01eb 13       		.uleb128 0x13
 747 01ec DA010000 		.4byte	.LASF30
 748 01f0 01       		.byte	0x1
 749 01f1 5501     		.2byte	0x155
 750 01f3 6B000000 		.4byte	0x6b
 751 01f7 00000000 		.4byte	.LFB9
 752 01fb 1C000000 		.4byte	.LFE9-.LFB9
 753 01ff 01       		.uleb128 0x1
 754 0200 9C       		.byte	0x9c
 755 0201 12       		.uleb128 0x12
 756 0202 84000000 		.4byte	.LASF31
 757 0206 01       		.byte	0x1
 758 0207 6A01     		.2byte	0x16a
 759 0209 00000000 		.4byte	.LFB10
 760 020d 14000000 		.4byte	.LFE10-.LFB10
 761 0211 01       		.uleb128 0x1
 762 0212 9C       		.byte	0x9c
 763 0213 12       		.uleb128 0x12
 764 0214 28000000 		.4byte	.LASF32
 765 0218 01       		.byte	0x1
 766 0219 8501     		.2byte	0x185
 767 021b 00000000 		.4byte	.LFB11
 768 021f 14000000 		.4byte	.LFE11-.LFB11
 769 0223 01       		.uleb128 0x1
 770 0224 9C       		.byte	0x9c
 771 0225 12       		.uleb128 0x12
 772 0226 31020000 		.4byte	.LASF33
 773 022a 01       		.byte	0x1
 774 022b 9E01     		.2byte	0x19e
 775 022d 00000000 		.4byte	.LFB12
 776 0231 14000000 		.4byte	.LFE12-.LFB12
 777 0235 01       		.uleb128 0x1
 778 0236 9C       		.byte	0x9c
 779 0237 14       		.uleb128 0x14
ARM GAS  C:\Users\En\AppData\Local\Temp\cce0vPcM.s 			page 22


 780 0238 76000000 		.4byte	0x76
 781 023c 47020000 		.4byte	0x247
 782 0240 15       		.uleb128 0x15
 783 0241 C5000000 		.4byte	0xc5
 784 0245 04       		.byte	0x4
 785 0246 00       		.byte	0
 786 0247 16       		.uleb128 0x16
 787 0248 CC010000 		.4byte	.LASF34
 788 024c 01       		.byte	0x1
 789 024d 1F       		.byte	0x1f
 790 024e 37020000 		.4byte	0x237
 791 0252 16       		.uleb128 0x16
 792 0253 C3020000 		.4byte	.LASF35
 793 0257 01       		.byte	0x1
 794 0258 20       		.byte	0x20
 795 0259 6B000000 		.4byte	0x6b
 796 025d 14       		.uleb128 0x14
 797 025e B2000000 		.4byte	0xb2
 798 0262 6D020000 		.4byte	0x26d
 799 0266 15       		.uleb128 0x15
 800 0267 C5000000 		.4byte	0xc5
 801 026b 2F       		.byte	0x2f
 802 026c 00       		.byte	0
 803 026d 16       		.uleb128 0x16
 804 026e 06000000 		.4byte	.LASF36
 805 0272 01       		.byte	0x1
 806 0273 25       		.byte	0x25
 807 0274 5D020000 		.4byte	0x25d
 808 0278 00       		.byte	0
 809              		.section	.debug_abbrev,"",%progbits
 810              	.Ldebug_abbrev0:
 811 0000 01       		.uleb128 0x1
 812 0001 11       		.uleb128 0x11
 813 0002 01       		.byte	0x1
 814 0003 25       		.uleb128 0x25
 815 0004 0E       		.uleb128 0xe
 816 0005 13       		.uleb128 0x13
 817 0006 0B       		.uleb128 0xb
 818 0007 03       		.uleb128 0x3
 819 0008 0E       		.uleb128 0xe
 820 0009 1B       		.uleb128 0x1b
 821 000a 0E       		.uleb128 0xe
 822 000b 55       		.uleb128 0x55
 823 000c 17       		.uleb128 0x17
 824 000d 11       		.uleb128 0x11
 825 000e 01       		.uleb128 0x1
 826 000f 10       		.uleb128 0x10
 827 0010 17       		.uleb128 0x17
 828 0011 00       		.byte	0
 829 0012 00       		.byte	0
 830 0013 02       		.uleb128 0x2
 831 0014 24       		.uleb128 0x24
 832 0015 00       		.byte	0
 833 0016 0B       		.uleb128 0xb
 834 0017 0B       		.uleb128 0xb
 835 0018 3E       		.uleb128 0x3e
 836 0019 0B       		.uleb128 0xb
ARM GAS  C:\Users\En\AppData\Local\Temp\cce0vPcM.s 			page 23


 837 001a 03       		.uleb128 0x3
 838 001b 0E       		.uleb128 0xe
 839 001c 00       		.byte	0
 840 001d 00       		.byte	0
 841 001e 03       		.uleb128 0x3
 842 001f 24       		.uleb128 0x24
 843 0020 00       		.byte	0
 844 0021 0B       		.uleb128 0xb
 845 0022 0B       		.uleb128 0xb
 846 0023 3E       		.uleb128 0x3e
 847 0024 0B       		.uleb128 0xb
 848 0025 03       		.uleb128 0x3
 849 0026 08       		.uleb128 0x8
 850 0027 00       		.byte	0
 851 0028 00       		.byte	0
 852 0029 04       		.uleb128 0x4
 853 002a 16       		.uleb128 0x16
 854 002b 00       		.byte	0
 855 002c 03       		.uleb128 0x3
 856 002d 0E       		.uleb128 0xe
 857 002e 3A       		.uleb128 0x3a
 858 002f 0B       		.uleb128 0xb
 859 0030 3B       		.uleb128 0x3b
 860 0031 0B       		.uleb128 0xb
 861 0032 49       		.uleb128 0x49
 862 0033 13       		.uleb128 0x13
 863 0034 00       		.byte	0
 864 0035 00       		.byte	0
 865 0036 05       		.uleb128 0x5
 866 0037 16       		.uleb128 0x16
 867 0038 00       		.byte	0
 868 0039 03       		.uleb128 0x3
 869 003a 0E       		.uleb128 0xe
 870 003b 3A       		.uleb128 0x3a
 871 003c 0B       		.uleb128 0xb
 872 003d 3B       		.uleb128 0x3b
 873 003e 05       		.uleb128 0x5
 874 003f 49       		.uleb128 0x49
 875 0040 13       		.uleb128 0x13
 876 0041 00       		.byte	0
 877 0042 00       		.byte	0
 878 0043 06       		.uleb128 0x6
 879 0044 35       		.uleb128 0x35
 880 0045 00       		.byte	0
 881 0046 49       		.uleb128 0x49
 882 0047 13       		.uleb128 0x13
 883 0048 00       		.byte	0
 884 0049 00       		.byte	0
 885 004a 07       		.uleb128 0x7
 886 004b 0F       		.uleb128 0xf
 887 004c 00       		.byte	0
 888 004d 0B       		.uleb128 0xb
 889 004e 0B       		.uleb128 0xb
 890 004f 49       		.uleb128 0x49
 891 0050 13       		.uleb128 0x13
 892 0051 00       		.byte	0
 893 0052 00       		.byte	0
ARM GAS  C:\Users\En\AppData\Local\Temp\cce0vPcM.s 			page 24


 894 0053 08       		.uleb128 0x8
 895 0054 15       		.uleb128 0x15
 896 0055 00       		.byte	0
 897 0056 27       		.uleb128 0x27
 898 0057 19       		.uleb128 0x19
 899 0058 00       		.byte	0
 900 0059 00       		.byte	0
 901 005a 09       		.uleb128 0x9
 902 005b 2E       		.uleb128 0x2e
 903 005c 00       		.byte	0
 904 005d 3F       		.uleb128 0x3f
 905 005e 19       		.uleb128 0x19
 906 005f 03       		.uleb128 0x3
 907 0060 0E       		.uleb128 0xe
 908 0061 3A       		.uleb128 0x3a
 909 0062 0B       		.uleb128 0xb
 910 0063 3B       		.uleb128 0x3b
 911 0064 0B       		.uleb128 0xb
 912 0065 27       		.uleb128 0x27
 913 0066 19       		.uleb128 0x19
 914 0067 11       		.uleb128 0x11
 915 0068 01       		.uleb128 0x1
 916 0069 12       		.uleb128 0x12
 917 006a 06       		.uleb128 0x6
 918 006b 40       		.uleb128 0x40
 919 006c 18       		.uleb128 0x18
 920 006d 9642     		.uleb128 0x2116
 921 006f 19       		.uleb128 0x19
 922 0070 00       		.byte	0
 923 0071 00       		.byte	0
 924 0072 0A       		.uleb128 0xa
 925 0073 2E       		.uleb128 0x2e
 926 0074 01       		.byte	0x1
 927 0075 3F       		.uleb128 0x3f
 928 0076 19       		.uleb128 0x19
 929 0077 03       		.uleb128 0x3
 930 0078 0E       		.uleb128 0xe
 931 0079 3A       		.uleb128 0x3a
 932 007a 0B       		.uleb128 0xb
 933 007b 3B       		.uleb128 0x3b
 934 007c 0B       		.uleb128 0xb
 935 007d 27       		.uleb128 0x27
 936 007e 19       		.uleb128 0x19
 937 007f 11       		.uleb128 0x11
 938 0080 01       		.uleb128 0x1
 939 0081 12       		.uleb128 0x12
 940 0082 06       		.uleb128 0x6
 941 0083 40       		.uleb128 0x40
 942 0084 18       		.uleb128 0x18
 943 0085 9642     		.uleb128 0x2116
 944 0087 19       		.uleb128 0x19
 945 0088 01       		.uleb128 0x1
 946 0089 13       		.uleb128 0x13
 947 008a 00       		.byte	0
 948 008b 00       		.byte	0
 949 008c 0B       		.uleb128 0xb
 950 008d 05       		.uleb128 0x5
ARM GAS  C:\Users\En\AppData\Local\Temp\cce0vPcM.s 			page 25


 951 008e 00       		.byte	0
 952 008f 03       		.uleb128 0x3
 953 0090 0E       		.uleb128 0xe
 954 0091 3A       		.uleb128 0x3a
 955 0092 0B       		.uleb128 0xb
 956 0093 3B       		.uleb128 0x3b
 957 0094 0B       		.uleb128 0xb
 958 0095 49       		.uleb128 0x49
 959 0096 13       		.uleb128 0x13
 960 0097 02       		.uleb128 0x2
 961 0098 18       		.uleb128 0x18
 962 0099 00       		.byte	0
 963 009a 00       		.byte	0
 964 009b 0C       		.uleb128 0xc
 965 009c 2E       		.uleb128 0x2e
 966 009d 01       		.byte	0x1
 967 009e 3F       		.uleb128 0x3f
 968 009f 19       		.uleb128 0x19
 969 00a0 03       		.uleb128 0x3
 970 00a1 0E       		.uleb128 0xe
 971 00a2 3A       		.uleb128 0x3a
 972 00a3 0B       		.uleb128 0xb
 973 00a4 3B       		.uleb128 0x3b
 974 00a5 0B       		.uleb128 0xb
 975 00a6 27       		.uleb128 0x27
 976 00a7 19       		.uleb128 0x19
 977 00a8 11       		.uleb128 0x11
 978 00a9 01       		.uleb128 0x1
 979 00aa 12       		.uleb128 0x12
 980 00ab 06       		.uleb128 0x6
 981 00ac 40       		.uleb128 0x40
 982 00ad 18       		.uleb128 0x18
 983 00ae 9742     		.uleb128 0x2117
 984 00b0 19       		.uleb128 0x19
 985 00b1 01       		.uleb128 0x1
 986 00b2 13       		.uleb128 0x13
 987 00b3 00       		.byte	0
 988 00b4 00       		.byte	0
 989 00b5 0D       		.uleb128 0xd
 990 00b6 2E       		.uleb128 0x2e
 991 00b7 00       		.byte	0
 992 00b8 3F       		.uleb128 0x3f
 993 00b9 19       		.uleb128 0x19
 994 00ba 03       		.uleb128 0x3
 995 00bb 0E       		.uleb128 0xe
 996 00bc 3A       		.uleb128 0x3a
 997 00bd 0B       		.uleb128 0xb
 998 00be 3B       		.uleb128 0x3b
 999 00bf 0B       		.uleb128 0xb
 1000 00c0 27       		.uleb128 0x27
 1001 00c1 19       		.uleb128 0x19
 1002 00c2 49       		.uleb128 0x49
 1003 00c3 13       		.uleb128 0x13
 1004 00c4 11       		.uleb128 0x11
 1005 00c5 01       		.uleb128 0x1
 1006 00c6 12       		.uleb128 0x12
 1007 00c7 06       		.uleb128 0x6
ARM GAS  C:\Users\En\AppData\Local\Temp\cce0vPcM.s 			page 26


 1008 00c8 40       		.uleb128 0x40
 1009 00c9 18       		.uleb128 0x18
 1010 00ca 9742     		.uleb128 0x2117
 1011 00cc 19       		.uleb128 0x19
 1012 00cd 00       		.byte	0
 1013 00ce 00       		.byte	0
 1014 00cf 0E       		.uleb128 0xe
 1015 00d0 2E       		.uleb128 0x2e
 1016 00d1 01       		.byte	0x1
 1017 00d2 3F       		.uleb128 0x3f
 1018 00d3 19       		.uleb128 0x19
 1019 00d4 03       		.uleb128 0x3
 1020 00d5 0E       		.uleb128 0xe
 1021 00d6 3A       		.uleb128 0x3a
 1022 00d7 0B       		.uleb128 0xb
 1023 00d8 3B       		.uleb128 0x3b
 1024 00d9 05       		.uleb128 0x5
 1025 00da 27       		.uleb128 0x27
 1026 00db 19       		.uleb128 0x19
 1027 00dc 11       		.uleb128 0x11
 1028 00dd 01       		.uleb128 0x1
 1029 00de 12       		.uleb128 0x12
 1030 00df 06       		.uleb128 0x6
 1031 00e0 40       		.uleb128 0x40
 1032 00e1 18       		.uleb128 0x18
 1033 00e2 9642     		.uleb128 0x2116
 1034 00e4 19       		.uleb128 0x19
 1035 00e5 01       		.uleb128 0x1
 1036 00e6 13       		.uleb128 0x13
 1037 00e7 00       		.byte	0
 1038 00e8 00       		.byte	0
 1039 00e9 0F       		.uleb128 0xf
 1040 00ea 05       		.uleb128 0x5
 1041 00eb 00       		.byte	0
 1042 00ec 03       		.uleb128 0x3
 1043 00ed 0E       		.uleb128 0xe
 1044 00ee 3A       		.uleb128 0x3a
 1045 00ef 0B       		.uleb128 0xb
 1046 00f0 3B       		.uleb128 0x3b
 1047 00f1 05       		.uleb128 0x5
 1048 00f2 49       		.uleb128 0x49
 1049 00f3 13       		.uleb128 0x13
 1050 00f4 02       		.uleb128 0x2
 1051 00f5 18       		.uleb128 0x18
 1052 00f6 00       		.byte	0
 1053 00f7 00       		.byte	0
 1054 00f8 10       		.uleb128 0x10
 1055 00f9 34       		.uleb128 0x34
 1056 00fa 00       		.byte	0
 1057 00fb 03       		.uleb128 0x3
 1058 00fc 0E       		.uleb128 0xe
 1059 00fd 3A       		.uleb128 0x3a
 1060 00fe 0B       		.uleb128 0xb
 1061 00ff 3B       		.uleb128 0x3b
 1062 0100 05       		.uleb128 0x5
 1063 0101 49       		.uleb128 0x49
 1064 0102 13       		.uleb128 0x13
ARM GAS  C:\Users\En\AppData\Local\Temp\cce0vPcM.s 			page 27


 1065 0103 02       		.uleb128 0x2
 1066 0104 18       		.uleb128 0x18
 1067 0105 00       		.byte	0
 1068 0106 00       		.byte	0
 1069 0107 11       		.uleb128 0x11
 1070 0108 2E       		.uleb128 0x2e
 1071 0109 01       		.byte	0x1
 1072 010a 3F       		.uleb128 0x3f
 1073 010b 19       		.uleb128 0x19
 1074 010c 03       		.uleb128 0x3
 1075 010d 0E       		.uleb128 0xe
 1076 010e 3A       		.uleb128 0x3a
 1077 010f 0B       		.uleb128 0xb
 1078 0110 3B       		.uleb128 0x3b
 1079 0111 05       		.uleb128 0x5
 1080 0112 27       		.uleb128 0x27
 1081 0113 19       		.uleb128 0x19
 1082 0114 49       		.uleb128 0x49
 1083 0115 13       		.uleb128 0x13
 1084 0116 11       		.uleb128 0x11
 1085 0117 01       		.uleb128 0x1
 1086 0118 12       		.uleb128 0x12
 1087 0119 06       		.uleb128 0x6
 1088 011a 40       		.uleb128 0x40
 1089 011b 18       		.uleb128 0x18
 1090 011c 9742     		.uleb128 0x2117
 1091 011e 19       		.uleb128 0x19
 1092 011f 01       		.uleb128 0x1
 1093 0120 13       		.uleb128 0x13
 1094 0121 00       		.byte	0
 1095 0122 00       		.byte	0
 1096 0123 12       		.uleb128 0x12
 1097 0124 2E       		.uleb128 0x2e
 1098 0125 00       		.byte	0
 1099 0126 3F       		.uleb128 0x3f
 1100 0127 19       		.uleb128 0x19
 1101 0128 03       		.uleb128 0x3
 1102 0129 0E       		.uleb128 0xe
 1103 012a 3A       		.uleb128 0x3a
 1104 012b 0B       		.uleb128 0xb
 1105 012c 3B       		.uleb128 0x3b
 1106 012d 05       		.uleb128 0x5
 1107 012e 27       		.uleb128 0x27
 1108 012f 19       		.uleb128 0x19
 1109 0130 11       		.uleb128 0x11
 1110 0131 01       		.uleb128 0x1
 1111 0132 12       		.uleb128 0x12
 1112 0133 06       		.uleb128 0x6
 1113 0134 40       		.uleb128 0x40
 1114 0135 18       		.uleb128 0x18
 1115 0136 9742     		.uleb128 0x2117
 1116 0138 19       		.uleb128 0x19
 1117 0139 00       		.byte	0
 1118 013a 00       		.byte	0
 1119 013b 13       		.uleb128 0x13
 1120 013c 2E       		.uleb128 0x2e
 1121 013d 00       		.byte	0
ARM GAS  C:\Users\En\AppData\Local\Temp\cce0vPcM.s 			page 28


 1122 013e 3F       		.uleb128 0x3f
 1123 013f 19       		.uleb128 0x19
 1124 0140 03       		.uleb128 0x3
 1125 0141 0E       		.uleb128 0xe
 1126 0142 3A       		.uleb128 0x3a
 1127 0143 0B       		.uleb128 0xb
 1128 0144 3B       		.uleb128 0x3b
 1129 0145 05       		.uleb128 0x5
 1130 0146 27       		.uleb128 0x27
 1131 0147 19       		.uleb128 0x19
 1132 0148 49       		.uleb128 0x49
 1133 0149 13       		.uleb128 0x13
 1134 014a 11       		.uleb128 0x11
 1135 014b 01       		.uleb128 0x1
 1136 014c 12       		.uleb128 0x12
 1137 014d 06       		.uleb128 0x6
 1138 014e 40       		.uleb128 0x40
 1139 014f 18       		.uleb128 0x18
 1140 0150 9742     		.uleb128 0x2117
 1141 0152 19       		.uleb128 0x19
 1142 0153 00       		.byte	0
 1143 0154 00       		.byte	0
 1144 0155 14       		.uleb128 0x14
 1145 0156 01       		.uleb128 0x1
 1146 0157 01       		.byte	0x1
 1147 0158 49       		.uleb128 0x49
 1148 0159 13       		.uleb128 0x13
 1149 015a 01       		.uleb128 0x1
 1150 015b 13       		.uleb128 0x13
 1151 015c 00       		.byte	0
 1152 015d 00       		.byte	0
 1153 015e 15       		.uleb128 0x15
 1154 015f 21       		.uleb128 0x21
 1155 0160 00       		.byte	0
 1156 0161 49       		.uleb128 0x49
 1157 0162 13       		.uleb128 0x13
 1158 0163 2F       		.uleb128 0x2f
 1159 0164 0B       		.uleb128 0xb
 1160 0165 00       		.byte	0
 1161 0166 00       		.byte	0
 1162 0167 16       		.uleb128 0x16
 1163 0168 34       		.uleb128 0x34
 1164 0169 00       		.byte	0
 1165 016a 03       		.uleb128 0x3
 1166 016b 0E       		.uleb128 0xe
 1167 016c 3A       		.uleb128 0x3a
 1168 016d 0B       		.uleb128 0xb
 1169 016e 3B       		.uleb128 0x3b
 1170 016f 0B       		.uleb128 0xb
 1171 0170 49       		.uleb128 0x49
 1172 0171 13       		.uleb128 0x13
 1173 0172 3F       		.uleb128 0x3f
 1174 0173 19       		.uleb128 0x19
 1175 0174 3C       		.uleb128 0x3c
 1176 0175 19       		.uleb128 0x19
 1177 0176 00       		.byte	0
 1178 0177 00       		.byte	0
ARM GAS  C:\Users\En\AppData\Local\Temp\cce0vPcM.s 			page 29


 1179 0178 00       		.byte	0
 1180              		.section	.debug_aranges,"",%progbits
 1181 0000 7C000000 		.4byte	0x7c
 1182 0004 0200     		.2byte	0x2
 1183 0006 00000000 		.4byte	.Ldebug_info0
 1184 000a 04       		.byte	0x4
 1185 000b 00       		.byte	0
 1186 000c 0000     		.2byte	0
 1187 000e 0000     		.2byte	0
 1188 0010 00000000 		.4byte	.LFB0
 1189 0014 24000000 		.4byte	.LFE0-.LFB0
 1190 0018 00000000 		.4byte	.LFB1
 1191 001c 24000000 		.4byte	.LFE1-.LFB1
 1192 0020 00000000 		.4byte	.LFB2
 1193 0024 18000000 		.4byte	.LFE2-.LFB2
 1194 0028 00000000 		.4byte	.LFB3
 1195 002c 24000000 		.4byte	.LFE3-.LFB3
 1196 0030 00000000 		.4byte	.LFB4
 1197 0034 18000000 		.4byte	.LFE4-.LFB4
 1198 0038 00000000 		.4byte	.LFB5
 1199 003c 14000000 		.4byte	.LFE5-.LFB5
 1200 0040 00000000 		.4byte	.LFB6
 1201 0044 50000000 		.4byte	.LFE6-.LFB6
 1202 0048 00000000 		.4byte	.LFB7
 1203 004c 2C000000 		.4byte	.LFE7-.LFB7
 1204 0050 00000000 		.4byte	.LFB8
 1205 0054 14000000 		.4byte	.LFE8-.LFB8
 1206 0058 00000000 		.4byte	.LFB9
 1207 005c 1C000000 		.4byte	.LFE9-.LFB9
 1208 0060 00000000 		.4byte	.LFB10
 1209 0064 14000000 		.4byte	.LFE10-.LFB10
 1210 0068 00000000 		.4byte	.LFB11
 1211 006c 14000000 		.4byte	.LFE11-.LFB11
 1212 0070 00000000 		.4byte	.LFB12
 1213 0074 14000000 		.4byte	.LFE12-.LFB12
 1214 0078 00000000 		.4byte	0
 1215 007c 00000000 		.4byte	0
 1216              		.section	.debug_ranges,"",%progbits
 1217              	.Ldebug_ranges0:
 1218 0000 00000000 		.4byte	.LFB0
 1219 0004 24000000 		.4byte	.LFE0
 1220 0008 00000000 		.4byte	.LFB1
 1221 000c 24000000 		.4byte	.LFE1
 1222 0010 00000000 		.4byte	.LFB2
 1223 0014 18000000 		.4byte	.LFE2
 1224 0018 00000000 		.4byte	.LFB3
 1225 001c 24000000 		.4byte	.LFE3
 1226 0020 00000000 		.4byte	.LFB4
 1227 0024 18000000 		.4byte	.LFE4
 1228 0028 00000000 		.4byte	.LFB5
 1229 002c 14000000 		.4byte	.LFE5
 1230 0030 00000000 		.4byte	.LFB6
 1231 0034 50000000 		.4byte	.LFE6
 1232 0038 00000000 		.4byte	.LFB7
 1233 003c 2C000000 		.4byte	.LFE7
 1234 0040 00000000 		.4byte	.LFB8
 1235 0044 14000000 		.4byte	.LFE8
ARM GAS  C:\Users\En\AppData\Local\Temp\cce0vPcM.s 			page 30


 1236 0048 00000000 		.4byte	.LFB9
 1237 004c 1C000000 		.4byte	.LFE9
 1238 0050 00000000 		.4byte	.LFB10
 1239 0054 14000000 		.4byte	.LFE10
 1240 0058 00000000 		.4byte	.LFB11
 1241 005c 14000000 		.4byte	.LFE11
 1242 0060 00000000 		.4byte	.LFB12
 1243 0064 14000000 		.4byte	.LFE12
 1244 0068 00000000 		.4byte	0
 1245 006c 00000000 		.4byte	0
 1246              		.section	.debug_line,"",%progbits
 1247              	.Ldebug_line0:
 1248 0000 5E010000 		.section	.debug_str,"MS",%progbits,1
 1248      02005E00 
 1248      00000201 
 1248      FB0E0D00 
 1248      01010101 
 1249              	.LASF15:
 1250 0000 72656733 		.ascii	"reg32\000"
 1250      3200
 1251              	.LASF36:
 1252 0006 43795261 		.ascii	"CyRamVectors\000"
 1252      6D566563 
 1252      746F7273 
 1252      00
 1253              	.LASF24:
 1254 0013 52464944 		.ascii	"RFID_ISR_SetPriority\000"
 1254      5F495352 
 1254      5F536574 
 1254      5072696F 
 1254      72697479 
 1255              	.LASF32:
 1256 0028 52464944 		.ascii	"RFID_ISR_SetPending\000"
 1256      5F495352 
 1256      5F536574 
 1256      50656E64 
 1256      696E6700 
 1257              	.LASF21:
 1258 003c 52464944 		.ascii	"RFID_ISR_StartEx\000"
 1258      5F495352 
 1258      5F537461 
 1258      72744578 
 1258      00
 1259              	.LASF3:
 1260 004d 73686F72 		.ascii	"short unsigned int\000"
 1260      7420756E 
 1260      7369676E 
 1260      65642069 
 1260      6E7400
 1261              	.LASF38:
 1262 0060 2E5C4765 		.ascii	".\\Generated_Source\\PSoC4\\RFID_ISR.c\000"
 1262      6E657261 
 1262      7465645F 
 1262      536F7572 
 1262      63655C50 
 1263              	.LASF31:
 1264 0084 52464944 		.ascii	"RFID_ISR_Disable\000"
ARM GAS  C:\Users\En\AppData\Local\Temp\cce0vPcM.s 			page 31


 1264      5F495352 
 1264      5F446973 
 1264      61626C65 
 1264      00
 1265              	.LASF20:
 1266 0095 52464944 		.ascii	"RFID_ISR_Interrupt\000"
 1266      5F495352 
 1266      5F496E74 
 1266      65727275 
 1266      707400
 1267              	.LASF12:
 1268 00a8 666C6F61 		.ascii	"float\000"
 1268      7400
 1269              	.LASF37:
 1270 00ae 474E5520 		.ascii	"GNU C 4.8.4 20140526 (release) [ARM/embedded-4_8-br"
 1270      4320342E 
 1270      382E3420 
 1270      32303134 
 1270      30353236 
 1271 00e1 616E6368 		.ascii	"anch revision 211358] -mcpu=cortex-m0 -mthumb -g -O"
 1271      20726576 
 1271      6973696F 
 1271      6E203231 
 1271      31333538 
 1272 0114 30202D66 		.ascii	"0 -ffunction-sections\000"
 1272      66756E63 
 1272      74696F6E 
 1272      2D736563 
 1272      74696F6E 
 1273              	.LASF22:
 1274 012a 52464944 		.ascii	"RFID_ISR_SetVector\000"
 1274      5F495352 
 1274      5F536574 
 1274      56656374 
 1274      6F7200
 1275              	.LASF1:
 1276 013d 756E7369 		.ascii	"unsigned char\000"
 1276      676E6564 
 1276      20636861 
 1276      7200
 1277              	.LASF26:
 1278 014b 696E7465 		.ascii	"interruptState\000"
 1278      72727570 
 1278      74537461 
 1278      746500
 1279              	.LASF5:
 1280 015a 6C6F6E67 		.ascii	"long unsigned int\000"
 1280      20756E73 
 1280      69676E65 
 1280      6420696E 
 1280      7400
 1281              	.LASF9:
 1282 016c 75696E74 		.ascii	"uint8\000"
 1282      3800
 1283              	.LASF25:
 1284 0172 7072696F 		.ascii	"priority\000"
 1284      72697479 
ARM GAS  C:\Users\En\AppData\Local\Temp\cce0vPcM.s 			page 32


 1284      00
 1285              	.LASF13:
 1286 017b 646F7562 		.ascii	"double\000"
 1286      6C6500
 1287              	.LASF10:
 1288 0182 75696E74 		.ascii	"uint16\000"
 1288      313600
 1289              	.LASF11:
 1290 0189 75696E74 		.ascii	"uint32\000"
 1290      333200
 1291              	.LASF28:
 1292 0190 52464944 		.ascii	"RFID_ISR_Enable\000"
 1292      5F495352 
 1292      5F456E61 
 1292      626C6500 
 1293              	.LASF8:
 1294 01a0 756E7369 		.ascii	"unsigned int\000"
 1294      676E6564 
 1294      20696E74 
 1294      00
 1295              	.LASF23:
 1296 01ad 61646472 		.ascii	"address\000"
 1296      65737300 
 1297              	.LASF7:
 1298 01b5 6C6F6E67 		.ascii	"long long unsigned int\000"
 1298      206C6F6E 
 1298      6720756E 
 1298      7369676E 
 1298      65642069 
 1299              	.LASF34:
 1300 01cc 72666964 		.ascii	"rfid_data_u16\000"
 1300      5F646174 
 1300      615F7531 
 1300      3600
 1301              	.LASF30:
 1302 01da 52464944 		.ascii	"RFID_ISR_GetState\000"
 1302      5F495352 
 1302      5F476574 
 1302      53746174 
 1302      6500
 1303              	.LASF16:
 1304 01ec 63796973 		.ascii	"cyisraddress\000"
 1304      72616464 
 1304      72657373 
 1304      00
 1305              	.LASF29:
 1306 01f9 52464944 		.ascii	"RFID_ISR_GetVector\000"
 1306      5F495352 
 1306      5F476574 
 1306      56656374 
 1306      6F7200
 1307              	.LASF39:
 1308 020c 433A5C70 		.ascii	"C:\\psoc4\\Patrulator\\Patrulator.cydsn\000"
 1308      736F6334 
 1308      5C506174 
 1308      72756C61 
 1308      746F725C 
ARM GAS  C:\Users\En\AppData\Local\Temp\cce0vPcM.s 			page 33


 1309              	.LASF33:
 1310 0231 52464944 		.ascii	"RFID_ISR_ClearPending\000"
 1310      5F495352 
 1310      5F436C65 
 1310      61725065 
 1310      6E64696E 
 1311              	.LASF17:
 1312 0247 73697A65 		.ascii	"sizetype\000"
 1312      74797065 
 1312      00
 1313              	.LASF6:
 1314 0250 6C6F6E67 		.ascii	"long long int\000"
 1314      206C6F6E 
 1314      6720696E 
 1314      7400
 1315              	.LASF14:
 1316 025e 63686172 		.ascii	"char\000"
 1316      00
 1317              	.LASF2:
 1318 0263 73686F72 		.ascii	"short int\000"
 1318      7420696E 
 1318      7400
 1319              	.LASF40:
 1320 026d 52464944 		.ascii	"RFID_ISR_GetPriority\000"
 1320      5F495352 
 1320      5F476574 
 1320      5072696F 
 1320      72697479 
 1321              	.LASF27:
 1322 0282 7072696F 		.ascii	"priorityOffset\000"
 1322      72697479 
 1322      4F666673 
 1322      657400
 1323              	.LASF4:
 1324 0291 6C6F6E67 		.ascii	"long int\000"
 1324      20696E74 
 1324      00
 1325              	.LASF0:
 1326 029a 7369676E 		.ascii	"signed char\000"
 1326      65642063 
 1326      68617200 
 1327              	.LASF19:
 1328 02a6 52464944 		.ascii	"RFID_ISR_Stop\000"
 1328      5F495352 
 1328      5F53746F 
 1328      7000
 1329              	.LASF18:
 1330 02b4 52464944 		.ascii	"RFID_ISR_Start\000"
 1330      5F495352 
 1330      5F537461 
 1330      727400
 1331              	.LASF35:
 1332 02c3 72666964 		.ascii	"rfid_data_received\000"
 1332      5F646174 
 1332      615F7265 
 1332      63656976 
 1332      656400
ARM GAS  C:\Users\En\AppData\Local\Temp\cce0vPcM.s 			page 34


 1333              		.ident	"GCC: (GNU Tools for ARM Embedded Processors) 4.8.4 20140526 (release) [ARM/embedded-4_8-br
